[28-Jan-2022 13:33:25 UTC] PHP Parse error:  syntax error, unexpected '<', expecting end of file in C:\Users\mdsha\Local Sites\amazingcollege\app\public\index.php on line 8
[28-Jan-2022 13:33:26 UTC] PHP Parse error:  syntax error, unexpected '<', expecting end of file in C:\Users\mdsha\Local Sites\amazingcollege\app\public\index.php on line 8
[28-Jan-2022 13:33:33 UTC] PHP Parse error:  syntax error, unexpected '<', expecting end of file in C:\Users\mdsha\Local Sites\amazingcollege\app\public\index.php on line 8
[28-Jan-2022 13:33:35 UTC] PHP Parse error:  syntax error, unexpected '<', expecting end of file in C:\Users\mdsha\Local Sites\amazingcollege\app\public\index.php on line 8
[28-Jan-2022 13:33:38 UTC] PHP Parse error:  syntax error, unexpected '<', expecting end of file in C:\Users\mdsha\Local Sites\amazingcollege\app\public\index.php on line 8
[28-Jan-2022 13:33:42 UTC] PHP Parse error:  syntax error, unexpected '<', expecting end of file in C:\Users\mdsha\Local Sites\amazingcollege\app\public\index.php on line 8
[28-Jan-2022 13:33:43 UTC] PHP Parse error:  syntax error, unexpected '<', expecting end of file in C:\Users\mdsha\Local Sites\amazingcollege\app\public\index.php on line 8
[28-Jan-2022 13:33:59 UTC] PHP Parse error:  syntax error, unexpected '<', expecting end of file in C:\Users\mdsha\Local Sites\amazingcollege\app\public\index.php on line 8
[28-Jan-2022 13:34:02 UTC] PHP Parse error:  syntax error, unexpected '<', expecting end of file in C:\Users\mdsha\Local Sites\amazingcollege\app\public\index.php on line 8
[28-Jan-2022 13:34:59 UTC] PHP Parse error:  syntax error, unexpected '<', expecting end of file in C:\Users\mdsha\Local Sites\amazingcollege\app\public\index.php on line 15
[28-Jan-2022 13:35:00 UTC] PHP Parse error:  syntax error, unexpected '<', expecting end of file in C:\Users\mdsha\Local Sites\amazingcollege\app\public\index.php on line 15
[28-Jan-2022 14:02:54 UTC] PHP Parse error:  Invalid numeric literal in C:\Users\mdsha\Local Sites\amazingcollege\app\public\wp-content\themes\fictional-university\index.php on line 2
[28-Jan-2022 14:02:58 UTC] PHP Parse error:  Invalid numeric literal in C:\Users\mdsha\Local Sites\amazingcollege\app\public\wp-content\themes\fictional-university\index.php on line 2
[28-Jan-2022 14:03:38 UTC] PHP Parse error:  Invalid numeric literal in C:\Users\mdsha\Local Sites\amazingcollege\app\public\wp-content\themes\fictional-university\index.php on line 2
[28-Jan-2022 14:03:38 UTC] PHP Parse error:  Invalid numeric literal in C:\Users\mdsha\Local Sites\amazingcollege\app\public\wp-content\themes\fictional-university\index.php on line 2
[28-Jan-2022 14:03:39 UTC] PHP Parse error:  Invalid numeric literal in C:\Users\mdsha\Local Sites\amazingcollege\app\public\wp-content\themes\fictional-university\index.php on line 2
[28-Jan-2022 14:07:01 UTC] PHP Parse error:  syntax error, unexpected '}', expecting ';' or ',' in C:\Users\mdsha\Local Sites\amazingcollege\app\public\wp-content\themes\fictional-university\index.php on line 4
[29-Jan-2022 09:32:08 UTC] PHP Parse error:  syntax error, unexpected '++' (T_INC) in C:\Users\mdsha\Local Sites\amazingcollege\app\public\wp-content\themes\fictional-university\index.php on line 12
[29-Jan-2022 09:32:25 UTC] PHP Parse error:  syntax error, unexpected '++' (T_INC) in C:\Users\mdsha\Local Sites\amazingcollege\app\public\wp-content\themes\fictional-university\index.php on line 12
[29-Jan-2022 09:32:29 UTC] PHP Parse error:  syntax error, unexpected '++' (T_INC) in C:\Users\mdsha\Local Sites\amazingcollege\app\public\wp-content\themes\fictional-university\index.php on line 12
[29-Jan-2022 09:32:54 UTC] PHP Parse error:  syntax error, unexpected 'count' (T_STRING), expecting ';' or ',' in C:\Users\mdsha\Local Sites\amazingcollege\app\public\wp-content\themes\fictional-university\index.php on line 12
[29-Jan-2022 09:34:12 UTC] PHP Parse error:  syntax error, unexpected '$count' (T_VARIABLE), expecting ';' or ',' in C:\Users\mdsha\Local Sites\amazingcollege\app\public\wp-content\themes\fictional-university\index.php on line 12
[29-Jan-2022 09:42:22 UTC] PHP Parse error:  syntax error, unexpected '$count' (T_VARIABLE) in C:\Users\mdsha\Local Sites\amazingcollege\app\public\wp-content\themes\fictional-university\index.php on line 18
[29-Jan-2022 09:42:41 UTC] PHP Parse error:  syntax error, unexpected '$count' (T_VARIABLE) in C:\Users\mdsha\Local Sites\amazingcollege\app\public\wp-content\themes\fictional-university\index.php on line 18
[29-Jan-2022 09:42:45 UTC] PHP Parse error:  syntax error, unexpected '$count' (T_VARIABLE) in C:\Users\mdsha\Local Sites\amazingcollege\app\public\wp-content\themes\fictional-university\index.php on line 18
[29-Jan-2022 12:14:56 UTC] PHP Fatal error:  Uncaught Error: Call to undefined function have_post() in C:\Users\mdsha\Local Sites\amazingcollege\app\public\wp-content\themes\fictional-university\index.php:2
Stack trace:
#0 C:\Users\mdsha\Local Sites\amazingcollege\app\public\wp-includes\template-loader.php(106): include()
#1 C:\Users\mdsha\Local Sites\amazingcollege\app\public\wp-blog-header.php(19): require_once('C:\\Users\\mdsha\\...')
#2 C:\Users\mdsha\Local Sites\amazingcollege\app\public\index.php(17): require('C:\\Users\\mdsha\\...')
#3 {main}
  thrown in C:\Users\mdsha\Local Sites\amazingcollege\app\public\wp-content\themes\fictional-university\index.php on line 2
[29-Jan-2022 12:15:08 UTC] PHP Fatal error:  Uncaught Error: Call to undefined function have_post() in C:\Users\mdsha\Local Sites\amazingcollege\app\public\wp-content\themes\fictional-university\index.php:2
Stack trace:
#0 C:\Users\mdsha\Local Sites\amazingcollege\app\public\wp-includes\template-loader.php(106): include()
#1 C:\Users\mdsha\Local Sites\amazingcollege\app\public\wp-blog-header.php(19): require_once('C:\\Users\\mdsha\\...')
#2 C:\Users\mdsha\Local Sites\amazingcollege\app\public\index.php(17): require('C:\\Users\\mdsha\\...')
#3 {main}
  thrown in C:\Users\mdsha\Local Sites\amazingcollege\app\public\wp-content\themes\fictional-university\index.php on line 2
[29-Jan-2022 12:16:47 UTC] PHP Fatal error:  Uncaught Error: Call to undefined function have_post() in C:\Users\mdsha\Local Sites\amazingcollege\app\public\wp-content\themes\fictional-university\index.php:2
Stack trace:
#0 C:\Users\mdsha\Local Sites\amazingcollege\app\public\wp-includes\template-loader.php(106): include()
#1 C:\Users\mdsha\Local Sites\amazingcollege\app\public\wp-blog-header.php(19): require_once('C:\\Users\\mdsha\\...')
#2 C:\Users\mdsha\Local Sites\amazingcollege\app\public\index.php(17): require('C:\\Users\\mdsha\\...')
#3 {main}
  thrown in C:\Users\mdsha\Local Sites\amazingcollege\app\public\wp-content\themes\fictional-university\index.php on line 2
[29-Jan-2022 12:16:51 UTC] PHP Fatal error:  Uncaught Error: Call to undefined function have_post() in C:\Users\mdsha\Local Sites\amazingcollege\app\public\wp-content\themes\fictional-university\index.php:2
Stack trace:
#0 C:\Users\mdsha\Local Sites\amazingcollege\app\public\wp-includes\template-loader.php(106): include()
#1 C:\Users\mdsha\Local Sites\amazingcollege\app\public\wp-blog-header.php(19): require_once('C:\\Users\\mdsha\\...')
#2 C:\Users\mdsha\Local Sites\amazingcollege\app\public\index.php(17): require('C:\\Users\\mdsha\\...')
#3 {main}
  thrown in C:\Users\mdsha\Local Sites\amazingcollege\app\public\wp-content\themes\fictional-university\index.php on line 2
[29-Jan-2022 12:33:09 UTC] PHP Parse error:  syntax error, unexpected '<' in C:\Users\mdsha\Local Sites\amazingcollege\app\public\wp-content\themes\fictional-university\single.php on line 4
[30-Jan-2022 06:58:59 UTC] PHP Parse error:  syntax error, unexpected ';', expecting ')' in C:\Users\mdsha\Local Sites\amazingcollege\app\public\wp-content\themes\fictional-university\functions.php on line 3
[30-Jan-2022 06:59:04 UTC] PHP Parse error:  syntax error, unexpected ';', expecting ')' in C:\Users\mdsha\Local Sites\amazingcollege\app\public\wp-content\themes\fictional-university\functions.php on line 3
[30-Jan-2022 07:14:17 UTC] PHP Warning:  Use of undefined constant images - assumed 'images' (this will throw an Error in a future version of PHP) in C:\Users\mdsha\Local Sites\amazingcollege\app\public\wp-content\themes\fictional-university\index.php on line 84
[30-Jan-2022 07:14:17 UTC] PHP Stack trace:
[30-Jan-2022 07:14:17 UTC] PHP   1. {main}() C:\Users\mdsha\Local Sites\amazingcollege\app\public\index.php:0
[30-Jan-2022 07:14:17 UTC] PHP   2. require() C:\Users\mdsha\Local Sites\amazingcollege\app\public\index.php:17
[30-Jan-2022 07:14:17 UTC] PHP   3. require_once() C:\Users\mdsha\Local Sites\amazingcollege\app\public\wp-blog-header.php:19
[30-Jan-2022 07:14:17 UTC] PHP   4. include() C:\Users\mdsha\Local Sites\amazingcollege\app\public\wp-includes\template-loader.php:106
[30-Jan-2022 07:14:17 UTC] PHP Warning:  Use of undefined constant apples - assumed 'apples' (this will throw an Error in a future version of PHP) in C:\Users\mdsha\Local Sites\amazingcollege\app\public\wp-content\themes\fictional-university\index.php on line 84
[30-Jan-2022 07:14:17 UTC] PHP Stack trace:
[30-Jan-2022 07:14:17 UTC] PHP   1. {main}() C:\Users\mdsha\Local Sites\amazingcollege\app\public\index.php:0
[30-Jan-2022 07:14:17 UTC] PHP   2. require() C:\Users\mdsha\Local Sites\amazingcollege\app\public\index.php:17
[30-Jan-2022 07:14:17 UTC] PHP   3. require_once() C:\Users\mdsha\Local Sites\amazingcollege\app\public\wp-blog-header.php:19
[30-Jan-2022 07:14:17 UTC] PHP   4. include() C:\Users\mdsha\Local Sites\amazingcollege\app\public\wp-includes\template-loader.php:106
[30-Jan-2022 07:14:17 UTC] PHP Warning:  A non-numeric value encountered in C:\Users\mdsha\Local Sites\amazingcollege\app\public\wp-content\themes\fictional-university\index.php on line 84
[30-Jan-2022 07:14:17 UTC] PHP Stack trace:
[30-Jan-2022 07:14:17 UTC] PHP   1. {main}() C:\Users\mdsha\Local Sites\amazingcollege\app\public\index.php:0
[30-Jan-2022 07:14:17 UTC] PHP   2. require() C:\Users\mdsha\Local Sites\amazingcollege\app\public\index.php:17
[30-Jan-2022 07:14:17 UTC] PHP   3. require_once() C:\Users\mdsha\Local Sites\amazingcollege\app\public\wp-blog-header.php:19
[30-Jan-2022 07:14:17 UTC] PHP   4. include() C:\Users\mdsha\Local Sites\amazingcollege\app\public\wp-includes\template-loader.php:106
[30-Jan-2022 07:14:17 UTC] PHP Warning:  A non-numeric value encountered in C:\Users\mdsha\Local Sites\amazingcollege\app\public\wp-content\themes\fictional-university\index.php on line 84
[30-Jan-2022 07:14:17 UTC] PHP Stack trace:
[30-Jan-2022 07:14:17 UTC] PHP   1. {main}() C:\Users\mdsha\Local Sites\amazingcollege\app\public\index.php:0
[30-Jan-2022 07:14:17 UTC] PHP   2. require() C:\Users\mdsha\Local Sites\amazingcollege\app\public\index.php:17
[30-Jan-2022 07:14:17 UTC] PHP   3. require_once() C:\Users\mdsha\Local Sites\amazingcollege\app\public\wp-blog-header.php:19
[30-Jan-2022 07:14:17 UTC] PHP   4. include() C:\Users\mdsha\Local Sites\amazingcollege\app\public\wp-includes\template-loader.php:106
[30-Jan-2022 07:14:17 UTC] PHP Warning:  Division by zero in C:\Users\mdsha\Local Sites\amazingcollege\app\public\wp-content\themes\fictional-university\index.php on line 84
[30-Jan-2022 07:14:17 UTC] PHP Stack trace:
[30-Jan-2022 07:14:17 UTC] PHP   1. {main}() C:\Users\mdsha\Local Sites\amazingcollege\app\public\index.php:0
[30-Jan-2022 07:14:17 UTC] PHP   2. require() C:\Users\mdsha\Local Sites\amazingcollege\app\public\index.php:17
[30-Jan-2022 07:14:17 UTC] PHP   3. require_once() C:\Users\mdsha\Local Sites\amazingcollege\app\public\wp-blog-header.php:19
[30-Jan-2022 07:14:17 UTC] PHP   4. include() C:\Users\mdsha\Local Sites\amazingcollege\app\public\wp-includes\template-loader.php:106
[30-Jan-2022 07:14:17 UTC] PHP Warning:  Use of undefined constant jpg - assumed 'jpg' (this will throw an Error in a future version of PHP) in C:\Users\mdsha\Local Sites\amazingcollege\app\public\wp-content\themes\fictional-university\index.php on line 84
[30-Jan-2022 07:14:17 UTC] PHP Stack trace:
[30-Jan-2022 07:14:17 UTC] PHP   1. {main}() C:\Users\mdsha\Local Sites\amazingcollege\app\public\index.php:0
[30-Jan-2022 07:14:17 UTC] PHP   2. require() C:\Users\mdsha\Local Sites\amazingcollege\app\public\index.php:17
[30-Jan-2022 07:14:17 UTC] PHP   3. require_once() C:\Users\mdsha\Local Sites\amazingcollege\app\public\wp-blog-header.php:19
[30-Jan-2022 07:14:17 UTC] PHP   4. include() C:\Users\mdsha\Local Sites\amazingcollege\app\public\wp-includes\template-loader.php:106
[30-Jan-2022 07:14:17 UTC] PHP Warning:  Use of undefined constant images - assumed 'images' (this will throw an Error in a future version of PHP) in C:\Users\mdsha\Local Sites\amazingcollege\app\public\wp-content\themes\fictional-university\index.php on line 93
[30-Jan-2022 07:14:17 UTC] PHP Stack trace:
[30-Jan-2022 07:14:17 UTC] PHP   1. {main}() C:\Users\mdsha\Local Sites\amazingcollege\app\public\index.php:0
[30-Jan-2022 07:14:17 UTC] PHP   2. require() C:\Users\mdsha\Local Sites\amazingcollege\app\public\index.php:17
[30-Jan-2022 07:14:17 UTC] PHP   3. require_once() C:\Users\mdsha\Local Sites\amazingcollege\app\public\wp-blog-header.php:19
[30-Jan-2022 07:14:17 UTC] PHP   4. include() C:\Users\mdsha\Local Sites\amazingcollege\app\public\wp-includes\template-loader.php:106
[30-Jan-2022 07:14:17 UTC] PHP Warning:  Use of undefined constant bread - assumed 'bread' (this will throw an Error in a future version of PHP) in C:\Users\mdsha\Local Sites\amazingcollege\app\public\wp-content\themes\fictional-university\index.php on line 93
[30-Jan-2022 07:14:17 UTC] PHP Stack trace:
[30-Jan-2022 07:14:17 UTC] PHP   1. {main}() C:\Users\mdsha\Local Sites\amazingcollege\app\public\index.php:0
[30-Jan-2022 07:14:17 UTC] PHP   2. require() C:\Users\mdsha\Local Sites\amazingcollege\app\public\index.php:17
[30-Jan-2022 07:14:17 UTC] PHP   3. require_once() C:\Users\mdsha\Local Sites\amazingcollege\app\public\wp-blog-header.php:19
[30-Jan-2022 07:14:17 UTC] PHP   4. include() C:\Users\mdsha\Local Sites\amazingcollege\app\public\wp-includes\template-loader.php:106
[30-Jan-2022 07:14:17 UTC] PHP Warning:  A non-numeric value encountered in C:\Users\mdsha\Local Sites\amazingcollege\app\public\wp-content\themes\fictional-university\index.php on line 93
[30-Jan-2022 07:14:17 UTC] PHP Stack trace:
[30-Jan-2022 07:14:17 UTC] PHP   1. {main}() C:\Users\mdsha\Local Sites\amazingcollege\app\public\index.php:0
[30-Jan-2022 07:14:17 UTC] PHP   2. require() C:\Users\mdsha\Local Sites\amazingcollege\app\public\index.php:17
[30-Jan-2022 07:14:17 UTC] PHP   3. require_once() C:\Users\mdsha\Local Sites\amazingcollege\app\public\wp-blog-header.php:19
[30-Jan-2022 07:14:17 UTC] PHP   4. include() C:\Users\mdsha\Local Sites\amazingcollege\app\public\wp-includes\template-loader.php:106
[30-Jan-2022 07:14:17 UTC] PHP Warning:  A non-numeric value encountered in C:\Users\mdsha\Local Sites\amazingcollege\app\public\wp-content\themes\fictional-university\index.php on line 93
[30-Jan-2022 07:14:17 UTC] PHP Stack trace:
[30-Jan-2022 07:14:17 UTC] PHP   1. {main}() C:\Users\mdsha\Local Sites\amazingcollege\app\public\index.php:0
[30-Jan-2022 07:14:17 UTC] PHP   2. require() C:\Users\mdsha\Local Sites\amazingcollege\app\public\index.php:17
[30-Jan-2022 07:14:17 UTC] PHP   3. require_once() C:\Users\mdsha\Local Sites\amazingcollege\app\public\wp-blog-header.php:19
[30-Jan-2022 07:14:17 UTC] PHP   4. include() C:\Users\mdsha\Local Sites\amazingcollege\app\public\wp-includes\template-loader.php:106
[30-Jan-2022 07:14:17 UTC] PHP Warning:  Division by zero in C:\Users\mdsha\Local Sites\amazingcollege\app\public\wp-content\themes\fictional-university\index.php on line 93
[30-Jan-2022 07:14:17 UTC] PHP Stack trace:
[30-Jan-2022 07:14:17 UTC] PHP   1. {main}() C:\Users\mdsha\Local Sites\amazingcollege\app\public\index.php:0
[30-Jan-2022 07:14:17 UTC] PHP   2. require() C:\Users\mdsha\Local Sites\amazingcollege\app\public\index.php:17
[30-Jan-2022 07:14:17 UTC] PHP   3. require_once() C:\Users\mdsha\Local Sites\amazingcollege\app\public\wp-blog-header.php:19
[30-Jan-2022 07:14:17 UTC] PHP   4. include() C:\Users\mdsha\Local Sites\amazingcollege\app\public\wp-includes\template-loader.php:106
[30-Jan-2022 07:14:17 UTC] PHP Warning:  Use of undefined constant jpg - assumed 'jpg' (this will throw an Error in a future version of PHP) in C:\Users\mdsha\Local Sites\amazingcollege\app\public\wp-content\themes\fictional-university\index.php on line 93
[30-Jan-2022 07:14:17 UTC] PHP Stack trace:
[30-Jan-2022 07:14:17 UTC] PHP   1. {main}() C:\Users\mdsha\Local Sites\amazingcollege\app\public\index.php:0
[30-Jan-2022 07:14:17 UTC] PHP   2. require() C:\Users\mdsha\Local Sites\amazingcollege\app\public\index.php:17
[30-Jan-2022 07:14:17 UTC] PHP   3. require_once() C:\Users\mdsha\Local Sites\amazingcollege\app\public\wp-blog-header.php:19
[30-Jan-2022 07:14:17 UTC] PHP   4. include() C:\Users\mdsha\Local Sites\amazingcollege\app\public\wp-includes\template-loader.php:106
[30-Jan-2022 07:26:25 UTC] PHP Parse error:  syntax error, unexpected ')' in C:\Users\mdsha\Local Sites\amazingcollege\app\public\wp-content\themes\fictional-university\functions.php on line 3
[30-Jan-2022 07:26:26 UTC] PHP Parse error:  syntax error, unexpected ')' in C:\Users\mdsha\Local Sites\amazingcollege\app\public\wp-content\themes\fictional-university\functions.php on line 3
[30-Jan-2022 08:44:52 UTC] PHP Parse error:  syntax error, unexpected 'wp_enqueue_style' (T_STRING) in C:\Users\mdsha\Local Sites\amazingcollege\app\public\wp-content\themes\fictional-university\functions.php on line 4
[30-Jan-2022 08:44:53 UTC] PHP Parse error:  syntax error, unexpected 'wp_enqueue_style' (T_STRING) in C:\Users\mdsha\Local Sites\amazingcollege\app\public\wp-content\themes\fictional-university\functions.php on line 4
[30-Jan-2022 08:49:14 UTC] PHP Fatal error:  Uncaught Error: Maximum function nesting level of '256' reached, aborting! in C:\Users\mdsha\Local Sites\amazingcollege\app\public\wp-includes\script-loader.php:2380
Stack trace:
#0 C:\Users\mdsha\Local Sites\amazingcollege\app\public\wp-includes\script-loader.php(2410): wp_should_load_separate_core_block_assets()
#1 C:\Users\mdsha\Local Sites\amazingcollege\app\public\wp-includes\class-wp-hook.php(307): wp_enqueue_registered_block_scripts_and_styles('')
#2 C:\Users\mdsha\Local Sites\amazingcollege\app\public\wp-includes\class-wp-hook.php(331): WP_Hook->apply_filters('', Array)
#3 C:\Users\mdsha\Local Sites\amazingcollege\app\public\wp-includes\plugin.php(474): WP_Hook->do_action(Array)
#4 C:\Users\mdsha\Local Sites\amazingcollege\app\public\wp-includes\script-loader.php(2301): do_action('enqueue_block_a...')
#5 C:\Users\mdsha\Local Sites\amazingcollege\app\public\wp-includes\class-wp-hook.php(307): wp_common_block_scripts_and_styles('')
#6 C:\Users\mdsha\Local Sites\amazingcollege\app\public\wp-includes\clas in C:\Users\mdsha\Local Sites\amazingcollege\app\public\wp-includes\script-loader.php on line 2380
[30-Jan-2022 08:53:22 UTC] PHP Fatal error:  Uncaught Error: Maximum function nesting level of '256' reached, aborting! in C:\Users\mdsha\Local Sites\amazingcollege\app\public\wp-includes\script-loader.php:2380
Stack trace:
#0 C:\Users\mdsha\Local Sites\amazingcollege\app\public\wp-includes\script-loader.php(2410): wp_should_load_separate_core_block_assets()
#1 C:\Users\mdsha\Local Sites\amazingcollege\app\public\wp-includes\class-wp-hook.php(307): wp_enqueue_registered_block_scripts_and_styles('')
#2 C:\Users\mdsha\Local Sites\amazingcollege\app\public\wp-includes\class-wp-hook.php(331): WP_Hook->apply_filters('', Array)
#3 C:\Users\mdsha\Local Sites\amazingcollege\app\public\wp-includes\plugin.php(474): WP_Hook->do_action(Array)
#4 C:\Users\mdsha\Local Sites\amazingcollege\app\public\wp-includes\script-loader.php(2301): do_action('enqueue_block_a...')
#5 C:\Users\mdsha\Local Sites\amazingcollege\app\public\wp-includes\class-wp-hook.php(307): wp_common_block_scripts_and_styles('')
#6 C:\Users\mdsha\Local Sites\amazingcollege\app\public\wp-includes\clas in C:\Users\mdsha\Local Sites\amazingcollege\app\public\wp-includes\script-loader.php on line 2380
[30-Jan-2022 09:43:36 UTC] PHP Parse error:  syntax error, unexpected ',' in C:\Users\mdsha\Local Sites\amazingcollege\app\public\wp-content\themes\fictional-university\functions.php on line 4
[30-Jan-2022 09:43:37 UTC] PHP Parse error:  syntax error, unexpected ',' in C:\Users\mdsha\Local Sites\amazingcollege\app\public\wp-content\themes\fictional-university\functions.php on line 4
[30-Jan-2022 09:44:36 UTC] PHP Fatal error:  Uncaught Error: Call to undefined function get_header() in C:\Users\mdsha\Local Sites\amazingcollege\app\public\wp-content\themes\fictional-university\index.php:1
Stack trace:
#0 {main}
  thrown in C:\Users\mdsha\Local Sites\amazingcollege\app\public\wp-content\themes\fictional-university\index.php on line 1
[30-Jan-2022 09:44:42 UTC] PHP Fatal error:  Uncaught Error: Call to undefined function get_header() in C:\Users\mdsha\Local Sites\amazingcollege\app\public\wp-content\themes\fictional-university\index.php:1
Stack trace:
#0 {main}
  thrown in C:\Users\mdsha\Local Sites\amazingcollege\app\public\wp-content\themes\fictional-university\index.php on line 1
[30-Jan-2022 11:10:06 UTC] PHP Parse error:  syntax error, unexpected end of file in C:\Users\mdsha\Local Sites\amazingcollege\app\public\wp-content\themes\fictional-university\functions.php on line 14
[30-Jan-2022 11:10:07 UTC] PHP Parse error:  syntax error, unexpected end of file in C:\Users\mdsha\Local Sites\amazingcollege\app\public\wp-content\themes\fictional-university\functions.php on line 14
[30-Jan-2022 11:41:30 UTC] PHP Parse error:  syntax error, unexpected '?>' in C:\Users\mdsha\Local Sites\amazingcollege\app\public\wp-content\themes\fictional-university\page.php on line 18
[30-Jan-2022 11:41:58 UTC] PHP Parse error:  syntax error, unexpected '?>' in C:\Users\mdsha\Local Sites\amazingcollege\app\public\wp-content\themes\fictional-university\page.php on line 18
[30-Jan-2022 11:42:57 UTC] PHP Parse error:  syntax error, unexpected '?>' in C:\Users\mdsha\Local Sites\amazingcollege\app\public\wp-content\themes\fictional-university\page.php on line 18
[30-Jan-2022 11:43:01 UTC] PHP Parse error:  syntax error, unexpected '?>' in C:\Users\mdsha\Local Sites\amazingcollege\app\public\wp-content\themes\fictional-university\page.php on line 18
[31-Jan-2022 04:28:24 UTC] PHP Warning:  Use of undefined constant the - assumed 'the' (this will throw an Error in a future version of PHP) in C:\Users\mdsha\Local Sites\amazingcollege\app\public\wp-content\themes\fictional-university\page.php on line 35
[31-Jan-2022 04:28:24 UTC] PHP Stack trace:
[31-Jan-2022 04:28:24 UTC] PHP   1. {main}() C:\Users\mdsha\Local Sites\amazingcollege\app\public\index.php:0
[31-Jan-2022 04:28:24 UTC] PHP   2. require() C:\Users\mdsha\Local Sites\amazingcollege\app\public\index.php:17
[31-Jan-2022 04:28:24 UTC] PHP   3. require_once() C:\Users\mdsha\Local Sites\amazingcollege\app\public\wp-blog-header.php:19
[31-Jan-2022 04:28:24 UTC] PHP   4. include() C:\Users\mdsha\Local Sites\amazingcollege\app\public\wp-includes\template-loader.php:106
[31-Jan-2022 04:50:05 UTC] PHP Warning:  Use of undefined constant the - assumed 'the' (this will throw an Error in a future version of PHP) in C:\Users\mdsha\Local Sites\amazingcollege\app\public\wp-content\themes\fictional-university\page.php on line 35
[31-Jan-2022 04:50:05 UTC] PHP Stack trace:
[31-Jan-2022 04:50:05 UTC] PHP   1. {main}() C:\Users\mdsha\Local Sites\amazingcollege\app\public\index.php:0
[31-Jan-2022 04:50:05 UTC] PHP   2. require() C:\Users\mdsha\Local Sites\amazingcollege\app\public\index.php:17
[31-Jan-2022 04:50:05 UTC] PHP   3. require_once() C:\Users\mdsha\Local Sites\amazingcollege\app\public\wp-blog-header.php:19
[31-Jan-2022 04:50:05 UTC] PHP   4. include() C:\Users\mdsha\Local Sites\amazingcollege\app\public\wp-includes\template-loader.php:106
[31-Jan-2022 04:50:19 UTC] PHP Warning:  Use of undefined constant the - assumed 'the' (this will throw an Error in a future version of PHP) in C:\Users\mdsha\Local Sites\amazingcollege\app\public\wp-content\themes\fictional-university\page.php on line 35
[31-Jan-2022 04:50:19 UTC] PHP Stack trace:
[31-Jan-2022 04:50:19 UTC] PHP   1. {main}() C:\Users\mdsha\Local Sites\amazingcollege\app\public\index.php:0
[31-Jan-2022 04:50:19 UTC] PHP   2. require() C:\Users\mdsha\Local Sites\amazingcollege\app\public\index.php:17
[31-Jan-2022 04:50:19 UTC] PHP   3. require_once() C:\Users\mdsha\Local Sites\amazingcollege\app\public\wp-blog-header.php:19
[31-Jan-2022 04:50:19 UTC] PHP   4. include() C:\Users\mdsha\Local Sites\amazingcollege\app\public\wp-includes\template-loader.php:106
[31-Jan-2022 06:47:04 UTC] PHP Warning:  Use of undefined constant the - assumed 'the' (this will throw an Error in a future version of PHP) in C:\Users\mdsha\Local Sites\amazingcollege\app\public\wp-content\themes\fictional-university\page.php on line 35
[31-Jan-2022 06:47:04 UTC] PHP Stack trace:
[31-Jan-2022 06:47:04 UTC] PHP   1. {main}() C:\Users\mdsha\Local Sites\amazingcollege\app\public\index.php:0
[31-Jan-2022 06:47:04 UTC] PHP   2. require() C:\Users\mdsha\Local Sites\amazingcollege\app\public\index.php:17
[31-Jan-2022 06:47:04 UTC] PHP   3. require_once() C:\Users\mdsha\Local Sites\amazingcollege\app\public\wp-blog-header.php:19
[31-Jan-2022 06:47:04 UTC] PHP   4. include() C:\Users\mdsha\Local Sites\amazingcollege\app\public\wp-includes\template-loader.php:106
[31-Jan-2022 06:47:10 UTC] PHP Warning:  Use of undefined constant the - assumed 'the' (this will throw an Error in a future version of PHP) in C:\Users\mdsha\Local Sites\amazingcollege\app\public\wp-content\themes\fictional-university\page.php on line 35
[31-Jan-2022 06:47:10 UTC] PHP Stack trace:
[31-Jan-2022 06:47:10 UTC] PHP   1. {main}() C:\Users\mdsha\Local Sites\amazingcollege\app\public\index.php:0
[31-Jan-2022 06:47:10 UTC] PHP   2. require() C:\Users\mdsha\Local Sites\amazingcollege\app\public\index.php:17
[31-Jan-2022 06:47:10 UTC] PHP   3. require_once() C:\Users\mdsha\Local Sites\amazingcollege\app\public\wp-blog-header.php:19
[31-Jan-2022 06:47:10 UTC] PHP   4. include() C:\Users\mdsha\Local Sites\amazingcollege\app\public\wp-includes\template-loader.php:106
[31-Jan-2022 06:47:17 UTC] PHP Warning:  Use of undefined constant the - assumed 'the' (this will throw an Error in a future version of PHP) in C:\Users\mdsha\Local Sites\amazingcollege\app\public\wp-content\themes\fictional-university\page.php on line 35
[31-Jan-2022 06:47:17 UTC] PHP Stack trace:
[31-Jan-2022 06:47:17 UTC] PHP   1. {main}() C:\Users\mdsha\Local Sites\amazingcollege\app\public\index.php:0
[31-Jan-2022 06:47:17 UTC] PHP   2. require() C:\Users\mdsha\Local Sites\amazingcollege\app\public\index.php:17
[31-Jan-2022 06:47:17 UTC] PHP   3. require_once() C:\Users\mdsha\Local Sites\amazingcollege\app\public\wp-blog-header.php:19
[31-Jan-2022 06:47:17 UTC] PHP   4. include() C:\Users\mdsha\Local Sites\amazingcollege\app\public\wp-includes\template-loader.php:106
[31-Jan-2022 06:47:25 UTC] PHP Warning:  Use of undefined constant the - assumed 'the' (this will throw an Error in a future version of PHP) in C:\Users\mdsha\Local Sites\amazingcollege\app\public\wp-content\themes\fictional-university\page.php on line 35
[31-Jan-2022 06:47:25 UTC] PHP Stack trace:
[31-Jan-2022 06:47:25 UTC] PHP   1. {main}() C:\Users\mdsha\Local Sites\amazingcollege\app\public\index.php:0
[31-Jan-2022 06:47:25 UTC] PHP   2. require() C:\Users\mdsha\Local Sites\amazingcollege\app\public\index.php:17
[31-Jan-2022 06:47:25 UTC] PHP   3. require_once() C:\Users\mdsha\Local Sites\amazingcollege\app\public\wp-blog-header.php:19
[31-Jan-2022 06:47:25 UTC] PHP   4. include() C:\Users\mdsha\Local Sites\amazingcollege\app\public\wp-includes\template-loader.php:106
[31-Jan-2022 06:47:33 UTC] PHP Warning:  Use of undefined constant the - assumed 'the' (this will throw an Error in a future version of PHP) in C:\Users\mdsha\Local Sites\amazingcollege\app\public\wp-content\themes\fictional-university\page.php on line 35
[31-Jan-2022 06:47:33 UTC] PHP Stack trace:
[31-Jan-2022 06:47:33 UTC] PHP   1. {main}() C:\Users\mdsha\Local Sites\amazingcollege\app\public\index.php:0
[31-Jan-2022 06:47:33 UTC] PHP   2. require() C:\Users\mdsha\Local Sites\amazingcollege\app\public\index.php:17
[31-Jan-2022 06:47:33 UTC] PHP   3. require_once() C:\Users\mdsha\Local Sites\amazingcollege\app\public\wp-blog-header.php:19
[31-Jan-2022 06:47:33 UTC] PHP   4. include() C:\Users\mdsha\Local Sites\amazingcollege\app\public\wp-includes\template-loader.php:106
[31-Jan-2022 06:47:39 UTC] PHP Warning:  Use of undefined constant the - assumed 'the' (this will throw an Error in a future version of PHP) in C:\Users\mdsha\Local Sites\amazingcollege\app\public\wp-content\themes\fictional-university\page.php on line 35
[31-Jan-2022 06:47:39 UTC] PHP Stack trace:
[31-Jan-2022 06:47:39 UTC] PHP   1. {main}() C:\Users\mdsha\Local Sites\amazingcollege\app\public\index.php:0
[31-Jan-2022 06:47:39 UTC] PHP   2. require() C:\Users\mdsha\Local Sites\amazingcollege\app\public\index.php:17
[31-Jan-2022 06:47:39 UTC] PHP   3. require_once() C:\Users\mdsha\Local Sites\amazingcollege\app\public\wp-blog-header.php:19
[31-Jan-2022 06:47:39 UTC] PHP   4. include() C:\Users\mdsha\Local Sites\amazingcollege\app\public\wp-includes\template-loader.php:106
[31-Jan-2022 06:47:46 UTC] PHP Warning:  Use of undefined constant the - assumed 'the' (this will throw an Error in a future version of PHP) in C:\Users\mdsha\Local Sites\amazingcollege\app\public\wp-content\themes\fictional-university\page.php on line 35
[31-Jan-2022 06:47:46 UTC] PHP Stack trace:
[31-Jan-2022 06:47:46 UTC] PHP   1. {main}() C:\Users\mdsha\Local Sites\amazingcollege\app\public\index.php:0
[31-Jan-2022 06:47:46 UTC] PHP   2. require() C:\Users\mdsha\Local Sites\amazingcollege\app\public\index.php:17
[31-Jan-2022 06:47:46 UTC] PHP   3. require_once() C:\Users\mdsha\Local Sites\amazingcollege\app\public\wp-blog-header.php:19
[31-Jan-2022 06:47:46 UTC] PHP   4. include() C:\Users\mdsha\Local Sites\amazingcollege\app\public\wp-includes\template-loader.php:106
[31-Jan-2022 06:54:20 UTC] PHP Parse error:  syntax error, unexpected ';', expecting ')' in C:\Users\mdsha\Local Sites\amazingcollege\app\public\wp-content\themes\fictional-university\page.php on line 35
[31-Jan-2022 07:20:18 UTC] PHP Warning:  Use of undefined constant theParent - assumed 'theParent' (this will throw an Error in a future version of PHP) in C:\Users\mdsha\Local Sites\amazingcollege\app\public\wp-content\themes\fictional-university\page.php on line 30
[31-Jan-2022 07:20:18 UTC] PHP Stack trace:
[31-Jan-2022 07:20:18 UTC] PHP   1. {main}() C:\Users\mdsha\Local Sites\amazingcollege\app\public\index.php:0
[31-Jan-2022 07:20:18 UTC] PHP   2. require() C:\Users\mdsha\Local Sites\amazingcollege\app\public\index.php:17
[31-Jan-2022 07:20:18 UTC] PHP   3. require_once() C:\Users\mdsha\Local Sites\amazingcollege\app\public\wp-blog-header.php:19
[31-Jan-2022 07:20:18 UTC] PHP   4. include() C:\Users\mdsha\Local Sites\amazingcollege\app\public\wp-includes\template-loader.php:106
[31-Jan-2022 09:51:45 UTC] PHP Parse error:  syntax error, unexpected 'if' (T_IF) in C:\Users\mdsha\Local Sites\amazingcollege\app\public\wp-content\themes\fictional-university\page.php on line 35
[31-Jan-2022 09:52:12 UTC] PHP Parse error:  syntax error, unexpected ';', expecting ')' in C:\Users\mdsha\Local Sites\amazingcollege\app\public\wp-content\themes\fictional-university\page.php on line 31
[31-Jan-2022 10:03:22 UTC] PHP Parse error:  syntax error, unexpected end of file in C:\Users\mdsha\Local Sites\amazingcollege\app\public\wp-content\themes\fictional-university\page.php on line 61
[31-Jan-2022 10:04:31 UTC] PHP Parse error:  syntax error, unexpected '<' in C:\Users\mdsha\Local Sites\amazingcollege\app\public\wp-content\themes\fictional-university\page.php on line 54
[31-Jan-2022 11:00:59 UTC] PHP Warning:  Use of undefined constant language_attributes - assumed 'language_attributes' (this will throw an Error in a future version of PHP) in C:\Users\mdsha\Local Sites\amazingcollege\app\public\wp-content\themes\fictional-university\header.php on line 2
[31-Jan-2022 11:00:59 UTC] PHP Stack trace:
[31-Jan-2022 11:00:59 UTC] PHP   1. {main}() C:\Users\mdsha\Local Sites\amazingcollege\app\public\index.php:0
[31-Jan-2022 11:00:59 UTC] PHP   2. require() C:\Users\mdsha\Local Sites\amazingcollege\app\public\index.php:17
[31-Jan-2022 11:00:59 UTC] PHP   3. require_once() C:\Users\mdsha\Local Sites\amazingcollege\app\public\wp-blog-header.php:19
[31-Jan-2022 11:00:59 UTC] PHP   4. include() C:\Users\mdsha\Local Sites\amazingcollege\app\public\wp-includes\template-loader.php:106
[31-Jan-2022 11:00:59 UTC] PHP   5. get_header() C:\Users\mdsha\Local Sites\amazingcollege\app\public\wp-content\themes\fictional-university\page.php:2
[31-Jan-2022 11:00:59 UTC] PHP   6. locate_template() C:\Users\mdsha\Local Sites\amazingcollege\app\public\wp-includes\general-template.php:48
[31-Jan-2022 11:00:59 UTC] PHP   7. load_template() C:\Users\mdsha\Local Sites\amazingcollege\app\public\wp-includes\template.php:716
[31-Jan-2022 11:00:59 UTC] PHP   8. require_once() C:\Users\mdsha\Local Sites\amazingcollege\app\public\wp-includes\template.php:770
[31-Jan-2022 11:05:32 UTC] PHP Fatal error:  Uncaught Error: Call to undefined function body_clsss() in C:\Users\mdsha\Local Sites\amazingcollege\app\public\wp-content\themes\fictional-university\header.php:9
Stack trace:
#0 C:\Users\mdsha\Local Sites\amazingcollege\app\public\wp-includes\template.php(770): require_once()
#1 C:\Users\mdsha\Local Sites\amazingcollege\app\public\wp-includes\template.php(716): load_template('C:\\Users\\mdsha\\...', true, Array)
#2 C:\Users\mdsha\Local Sites\amazingcollege\app\public\wp-includes\general-template.php(48): locate_template(Array, true, true, Array)
#3 C:\Users\mdsha\Local Sites\amazingcollege\app\public\wp-content\themes\fictional-university\page.php(2): get_header()
#4 C:\Users\mdsha\Local Sites\amazingcollege\app\public\wp-includes\template-loader.php(106): include('C:\\Users\\mdsha\\...')
#5 C:\Users\mdsha\Local Sites\amazingcollege\app\public\wp-blog-header.php(19): require_once('C:\\Users\\mdsha\\...')
#6 C:\Users\mdsha\Local Sites\amazingcollege\app\public\index.php(17): require('C:\\Users\\mdsha\\...')
 in C:\Users\mdsha\Local Sites\amazingcollege\app\public\wp-content\themes\fictional-university\header.php on line 9
[31-Jan-2022 16:09:46 UTC] PHP Parse error:  syntax error, unexpected '}', expecting ';' or ',' in C:\Users\mdsha\Local Sites\amazingcollege\app\public\wp-content\themes\fictional-university\footer.php on line 24
[31-Jan-2022 16:09:56 UTC] PHP Parse error:  syntax error, unexpected '}', expecting ';' or ',' in C:\Users\mdsha\Local Sites\amazingcollege\app\public\wp-content\themes\fictional-university\footer.php on line 24
[31-Jan-2022 16:10:55 UTC] PHP Parse error:  syntax error, unexpected '}', expecting ';' or ',' in C:\Users\mdsha\Local Sites\amazingcollege\app\public\wp-content\themes\fictional-university\footer.php on line 24
[31-Jan-2022 16:11:02 UTC] PHP Parse error:  syntax error, unexpected '}', expecting ';' or ',' in C:\Users\mdsha\Local Sites\amazingcollege\app\public\wp-content\themes\fictional-university\footer.php on line 24
[31-Jan-2022 16:11:06 UTC] PHP Parse error:  syntax error, unexpected '}', expecting ';' or ',' in C:\Users\mdsha\Local Sites\amazingcollege\app\public\wp-content\themes\fictional-university\footer.php on line 24
[31-Jan-2022 16:15:42 UTC] PHP Parse error:  syntax error, unexpected '}', expecting ';' or ',' in C:\Users\mdsha\Local Sites\amazingcollege\app\public\wp-content\themes\fictional-university\footer.php on line 24
[31-Jan-2022 16:15:47 UTC] PHP Parse error:  syntax error, unexpected '}', expecting ';' or ',' in C:\Users\mdsha\Local Sites\amazingcollege\app\public\wp-content\themes\fictional-university\footer.php on line 24
[31-Jan-2022 16:15:50 UTC] PHP Parse error:  syntax error, unexpected '}', expecting ';' or ',' in C:\Users\mdsha\Local Sites\amazingcollege\app\public\wp-content\themes\fictional-university\footer.php on line 24
[31-Jan-2022 16:18:41 UTC] PHP Parse error:  syntax error, unexpected '}', expecting ';' or ',' in C:\Users\mdsha\Local Sites\amazingcollege\app\public\wp-content\themes\fictional-university\footer.php on line 22
[31-Jan-2022 16:19:15 UTC] PHP Parse error:  syntax error, unexpected '}', expecting ';' or ',' in C:\Users\mdsha\Local Sites\amazingcollege\app\public\wp-content\themes\fictional-university\header.php on line 30
[31-Jan-2022 16:19:32 UTC] PHP Parse error:  syntax error, unexpected '}', expecting ';' or ',' in C:\Users\mdsha\Local Sites\amazingcollege\app\public\wp-content\themes\fictional-university\header.php on line 28
[31-Jan-2022 16:19:48 UTC] PHP Parse error:  syntax error, unexpected '}', expecting ';' or ',' in C:\Users\mdsha\Local Sites\amazingcollege\app\public\wp-content\themes\fictional-university\header.php on line 20
[31-Jan-2022 16:20:40 UTC] PHP Parse error:  syntax error, unexpected '}', expecting ';' or ',' in C:\Users\mdsha\Local Sites\amazingcollege\app\public\wp-content\themes\fictional-university\header.php on line 20
[31-Jan-2022 16:21:07 UTC] PHP Parse error:  syntax error, unexpected '}', expecting ';' or ',' in C:\Users\mdsha\Local Sites\amazingcollege\app\public\wp-content\themes\fictional-university\header.php on line 20
[31-Jan-2022 16:23:21 UTC] PHP Parse error:  syntax error, unexpected '}', expecting ';' or ',' in C:\Users\mdsha\Local Sites\amazingcollege\app\public\wp-content\themes\fictional-university\header.php on line 20
[31-Jan-2022 16:25:04 UTC] PHP Parse error:  syntax error, unexpected '}', expecting ';' or ',' in C:\Users\mdsha\Local Sites\amazingcollege\app\public\wp-content\themes\fictional-university\header.php on line 20
[31-Jan-2022 16:26:15 UTC] PHP Parse error:  syntax error, unexpected '}', expecting ';' or ',' in C:\Users\mdsha\Local Sites\amazingcollege\app\public\wp-content\themes\fictional-university\header.php on line 30
[31-Jan-2022 16:26:31 UTC] PHP Parse error:  syntax error, unexpected '}', expecting ';' or ',' in C:\Users\mdsha\Local Sites\amazingcollege\app\public\wp-content\themes\fictional-university\header.php on line 26
[31-Jan-2022 16:45:55 UTC] PHP Parse error:  syntax error, unexpected 'echo' (T_ECHO) in C:\Users\mdsha\Local Sites\amazingcollege\app\public\wp-content\themes\fictional-university\header.php on line 30
[31-Jan-2022 16:52:06 UTC] PHP Parse error:  syntax error, unexpected end of file in C:\Users\mdsha\Local Sites\amazingcollege\app\public\wp-content\themes\fictional-university\index.php on line 27
[31-Jan-2022 16:52:40 UTC] PHP Parse error:  syntax error, unexpected end of file in C:\Users\mdsha\Local Sites\amazingcollege\app\public\wp-content\themes\fictional-university\index.php on line 27
[31-Jan-2022 16:53:54 UTC] PHP Parse error:  syntax error, unexpected end of file in C:\Users\mdsha\Local Sites\amazingcollege\app\public\wp-content\themes\fictional-university\index.php on line 23
[31-Jan-2022 16:54:26 UTC] PHP Parse error:  syntax error, unexpected end of file in C:\Users\mdsha\Local Sites\amazingcollege\app\public\wp-content\themes\fictional-university\index.php on line 27
[01-Feb-2022 04:22:24 UTC] PHP Warning:  call_user_func_array() expects parameter 1 to be a valid callback, function 'wpdocs_excerpt_more' not found or invalid function name in C:\Users\mdsha\Local Sites\amazingcollege\app\public\wp-includes\class-wp-hook.php on line 307
[01-Feb-2022 04:22:24 UTC] PHP Stack trace:
[01-Feb-2022 04:22:24 UTC] PHP   1. {main}() C:\Users\mdsha\Local Sites\amazingcollege\app\public\index.php:0
[01-Feb-2022 04:22:24 UTC] PHP   2. require() C:\Users\mdsha\Local Sites\amazingcollege\app\public\index.php:17
[01-Feb-2022 04:22:24 UTC] PHP   3. require_once() C:\Users\mdsha\Local Sites\amazingcollege\app\public\wp-blog-header.php:19
[01-Feb-2022 04:22:24 UTC] PHP   4. include() C:\Users\mdsha\Local Sites\amazingcollege\app\public\wp-includes\template-loader.php:106
[01-Feb-2022 04:22:24 UTC] PHP   5. the_excerpt() C:\Users\mdsha\Local Sites\amazingcollege\app\public\wp-content\themes\fictional-university\archive.php:23
[01-Feb-2022 04:22:24 UTC] PHP   6. get_the_excerpt() C:\Users\mdsha\Local Sites\amazingcollege\app\public\wp-includes\post-template.php:394
[01-Feb-2022 04:22:24 UTC] PHP   7. apply_filters() C:\Users\mdsha\Local Sites\amazingcollege\app\public\wp-includes\post-template.php:429
[01-Feb-2022 04:22:24 UTC] PHP   8. WP_Hook->apply_filters() C:\Users\mdsha\Local Sites\amazingcollege\app\public\wp-includes\plugin.php:189
[01-Feb-2022 04:22:24 UTC] PHP   9. wp_trim_excerpt() C:\Users\mdsha\Local Sites\amazingcollege\app\public\wp-includes\class-wp-hook.php:307
[01-Feb-2022 04:22:25 UTC] PHP  10. apply_filters() C:\Users\mdsha\Local Sites\amazingcollege\app\public\wp-includes\formatting.php:3887
[01-Feb-2022 04:22:25 UTC] PHP  11. WP_Hook->apply_filters() C:\Users\mdsha\Local Sites\amazingcollege\app\public\wp-includes\plugin.php:189
[01-Feb-2022 04:22:25 UTC] PHP Warning:  call_user_func_array() expects parameter 1 to be a valid callback, function 'wpdocs_excerpt_more' not found or invalid function name in C:\Users\mdsha\Local Sites\amazingcollege\app\public\wp-includes\class-wp-hook.php on line 307
[01-Feb-2022 04:22:25 UTC] PHP Stack trace:
[01-Feb-2022 04:22:25 UTC] PHP   1. {main}() C:\Users\mdsha\Local Sites\amazingcollege\app\public\index.php:0
[01-Feb-2022 04:22:25 UTC] PHP   2. require() C:\Users\mdsha\Local Sites\amazingcollege\app\public\index.php:17
[01-Feb-2022 04:22:25 UTC] PHP   3. require_once() C:\Users\mdsha\Local Sites\amazingcollege\app\public\wp-blog-header.php:19
[01-Feb-2022 04:22:25 UTC] PHP   4. include() C:\Users\mdsha\Local Sites\amazingcollege\app\public\wp-includes\template-loader.php:106
[01-Feb-2022 04:22:25 UTC] PHP   5. the_excerpt() C:\Users\mdsha\Local Sites\amazingcollege\app\public\wp-content\themes\fictional-university\archive.php:23
[01-Feb-2022 04:22:25 UTC] PHP   6. get_the_excerpt() C:\Users\mdsha\Local Sites\amazingcollege\app\public\wp-includes\post-template.php:394
[01-Feb-2022 04:22:25 UTC] PHP   7. apply_filters() C:\Users\mdsha\Local Sites\amazingcollege\app\public\wp-includes\post-template.php:429
[01-Feb-2022 04:22:25 UTC] PHP   8. WP_Hook->apply_filters() C:\Users\mdsha\Local Sites\amazingcollege\app\public\wp-includes\plugin.php:189
[01-Feb-2022 04:22:25 UTC] PHP   9. wp_trim_excerpt() C:\Users\mdsha\Local Sites\amazingcollege\app\public\wp-includes\class-wp-hook.php:307
[01-Feb-2022 04:22:25 UTC] PHP  10. apply_filters() C:\Users\mdsha\Local Sites\amazingcollege\app\public\wp-includes\formatting.php:3887
[01-Feb-2022 04:22:25 UTC] PHP  11. WP_Hook->apply_filters() C:\Users\mdsha\Local Sites\amazingcollege\app\public\wp-includes\plugin.php:189
[01-Feb-2022 04:23:33 UTC] PHP Warning:  call_user_func_array() expects parameter 1 to be a valid callback, function 'wpdocs_excerpt_more' not found or invalid function name in C:\Users\mdsha\Local Sites\amazingcollege\app\public\wp-includes\class-wp-hook.php on line 307
[01-Feb-2022 04:23:33 UTC] PHP Stack trace:
[01-Feb-2022 04:23:33 UTC] PHP   1. {main}() C:\Users\mdsha\Local Sites\amazingcollege\app\public\index.php:0
[01-Feb-2022 04:23:33 UTC] PHP   2. require() C:\Users\mdsha\Local Sites\amazingcollege\app\public\index.php:17
[01-Feb-2022 04:23:33 UTC] PHP   3. require_once() C:\Users\mdsha\Local Sites\amazingcollege\app\public\wp-blog-header.php:19
[01-Feb-2022 04:23:33 UTC] PHP   4. include() C:\Users\mdsha\Local Sites\amazingcollege\app\public\wp-includes\template-loader.php:106
[01-Feb-2022 04:23:33 UTC] PHP   5. the_excerpt() C:\Users\mdsha\Local Sites\amazingcollege\app\public\wp-content\themes\fictional-university\archive.php:23
[01-Feb-2022 04:23:33 UTC] PHP   6. get_the_excerpt() C:\Users\mdsha\Local Sites\amazingcollege\app\public\wp-includes\post-template.php:394
[01-Feb-2022 04:23:33 UTC] PHP   7. apply_filters() C:\Users\mdsha\Local Sites\amazingcollege\app\public\wp-includes\post-template.php:429
[01-Feb-2022 04:23:33 UTC] PHP   8. WP_Hook->apply_filters() C:\Users\mdsha\Local Sites\amazingcollege\app\public\wp-includes\plugin.php:189
[01-Feb-2022 04:23:33 UTC] PHP   9. wp_trim_excerpt() C:\Users\mdsha\Local Sites\amazingcollege\app\public\wp-includes\class-wp-hook.php:307
[01-Feb-2022 04:23:33 UTC] PHP  10. apply_filters() C:\Users\mdsha\Local Sites\amazingcollege\app\public\wp-includes\formatting.php:3887
[01-Feb-2022 04:23:33 UTC] PHP  11. WP_Hook->apply_filters() C:\Users\mdsha\Local Sites\amazingcollege\app\public\wp-includes\plugin.php:189
[01-Feb-2022 04:23:33 UTC] PHP Warning:  call_user_func_array() expects parameter 1 to be a valid callback, function 'wpdocs_excerpt_more' not found or invalid function name in C:\Users\mdsha\Local Sites\amazingcollege\app\public\wp-includes\class-wp-hook.php on line 307
[01-Feb-2022 04:23:33 UTC] PHP Stack trace:
[01-Feb-2022 04:23:33 UTC] PHP   1. {main}() C:\Users\mdsha\Local Sites\amazingcollege\app\public\index.php:0
[01-Feb-2022 04:23:33 UTC] PHP   2. require() C:\Users\mdsha\Local Sites\amazingcollege\app\public\index.php:17
[01-Feb-2022 04:23:33 UTC] PHP   3. require_once() C:\Users\mdsha\Local Sites\amazingcollege\app\public\wp-blog-header.php:19
[01-Feb-2022 04:23:33 UTC] PHP   4. include() C:\Users\mdsha\Local Sites\amazingcollege\app\public\wp-includes\template-loader.php:106
[01-Feb-2022 04:23:33 UTC] PHP   5. the_excerpt() C:\Users\mdsha\Local Sites\amazingcollege\app\public\wp-content\themes\fictional-university\archive.php:23
[01-Feb-2022 04:23:33 UTC] PHP   6. get_the_excerpt() C:\Users\mdsha\Local Sites\amazingcollege\app\public\wp-includes\post-template.php:394
[01-Feb-2022 04:23:33 UTC] PHP   7. apply_filters() C:\Users\mdsha\Local Sites\amazingcollege\app\public\wp-includes\post-template.php:429
[01-Feb-2022 04:23:33 UTC] PHP   8. WP_Hook->apply_filters() C:\Users\mdsha\Local Sites\amazingcollege\app\public\wp-includes\plugin.php:189
[01-Feb-2022 04:23:33 UTC] PHP   9. wp_trim_excerpt() C:\Users\mdsha\Local Sites\amazingcollege\app\public\wp-includes\class-wp-hook.php:307
[01-Feb-2022 04:23:33 UTC] PHP  10. apply_filters() C:\Users\mdsha\Local Sites\amazingcollege\app\public\wp-includes\formatting.php:3887
[01-Feb-2022 04:23:33 UTC] PHP  11. WP_Hook->apply_filters() C:\Users\mdsha\Local Sites\amazingcollege\app\public\wp-includes\plugin.php:189
[01-Feb-2022 04:24:09 UTC] PHP Fatal error:  Uncaught ArgumentCountError: Too few arguments to function add_filter(), 1 passed in C:\Users\mdsha\Local Sites\amazingcollege\app\public\wp-content\themes\fictional-university\functions.php on line 14 and at least 2 expected in C:\Users\mdsha\Local Sites\amazingcollege\app\public\wp-includes\plugin.php:114
Stack trace:
#0 C:\Users\mdsha\Local Sites\amazingcollege\app\public\wp-content\themes\fictional-university\functions.php(14): add_filter('excerpt_more')
#1 C:\Users\mdsha\Local Sites\amazingcollege\app\public\wp-includes\class-wp-hook.php(307): university_features('')
#2 C:\Users\mdsha\Local Sites\amazingcollege\app\public\wp-includes\class-wp-hook.php(331): WP_Hook->apply_filters(NULL, Array)
#3 C:\Users\mdsha\Local Sites\amazingcollege\app\public\wp-includes\plugin.php(474): WP_Hook->do_action(Array)
#4 C:\Users\mdsha\Local Sites\amazingcollege\app\public\wp-settings.php(565): do_action('after_setup_the...')
#5 C:\Users\mdsha\Local Sites\amazingcollege\app\public\wp-config.php(77): require_once('C:\\Use in C:\Users\mdsha\Local Sites\amazingcollege\app\public\wp-includes\plugin.php on line 114
[01-Feb-2022 04:24:14 UTC] PHP Fatal error:  Uncaught ArgumentCountError: Too few arguments to function add_filter(), 1 passed in C:\Users\mdsha\Local Sites\amazingcollege\app\public\wp-content\themes\fictional-university\functions.php on line 14 and at least 2 expected in C:\Users\mdsha\Local Sites\amazingcollege\app\public\wp-includes\plugin.php:114
Stack trace:
#0 C:\Users\mdsha\Local Sites\amazingcollege\app\public\wp-content\themes\fictional-university\functions.php(14): add_filter('excerpt_more')
#1 C:\Users\mdsha\Local Sites\amazingcollege\app\public\wp-includes\class-wp-hook.php(307): university_features('')
#2 C:\Users\mdsha\Local Sites\amazingcollege\app\public\wp-includes\class-wp-hook.php(331): WP_Hook->apply_filters(NULL, Array)
#3 C:\Users\mdsha\Local Sites\amazingcollege\app\public\wp-includes\plugin.php(474): WP_Hook->do_action(Array)
#4 C:\Users\mdsha\Local Sites\amazingcollege\app\public\wp-settings.php(565): do_action('after_setup_the...')
#5 C:\Users\mdsha\Local Sites\amazingcollege\app\public\wp-config.php(77): require_once('C:\\Use in C:\Users\mdsha\Local Sites\amazingcollege\app\public\wp-includes\plugin.php on line 114
[01-Feb-2022 04:24:41 UTC] PHP Fatal error:  Uncaught ArgumentCountError: Too few arguments to function add_filter(), 1 passed in C:\Users\mdsha\Local Sites\amazingcollege\app\public\wp-content\themes\fictional-university\functions.php on line 14 and at least 2 expected in C:\Users\mdsha\Local Sites\amazingcollege\app\public\wp-includes\plugin.php:114
Stack trace:
#0 C:\Users\mdsha\Local Sites\amazingcollege\app\public\wp-content\themes\fictional-university\functions.php(14): add_filter('excerpt_more')
#1 C:\Users\mdsha\Local Sites\amazingcollege\app\public\wp-includes\class-wp-hook.php(307): university_features('')
#2 C:\Users\mdsha\Local Sites\amazingcollege\app\public\wp-includes\class-wp-hook.php(331): WP_Hook->apply_filters(NULL, Array)
#3 C:\Users\mdsha\Local Sites\amazingcollege\app\public\wp-includes\plugin.php(474): WP_Hook->do_action(Array)
#4 C:\Users\mdsha\Local Sites\amazingcollege\app\public\wp-settings.php(565): do_action('after_setup_the...')
#5 C:\Users\mdsha\Local Sites\amazingcollege\app\public\wp-config.php(77): require_once('C:\\Use in C:\Users\mdsha\Local Sites\amazingcollege\app\public\wp-includes\plugin.php on line 114
[01-Feb-2022 04:25:03 UTC] PHP Warning:  call_user_func_array() expects parameter 1 to be a valid callback, function 'wpdocs_excerpt_more' not found or invalid function name in C:\Users\mdsha\Local Sites\amazingcollege\app\public\wp-includes\class-wp-hook.php on line 307
[01-Feb-2022 04:25:03 UTC] PHP Stack trace:
[01-Feb-2022 04:25:03 UTC] PHP   1. {main}() C:\Users\mdsha\Local Sites\amazingcollege\app\public\index.php:0
[01-Feb-2022 04:25:03 UTC] PHP   2. require() C:\Users\mdsha\Local Sites\amazingcollege\app\public\index.php:17
[01-Feb-2022 04:25:03 UTC] PHP   3. require_once() C:\Users\mdsha\Local Sites\amazingcollege\app\public\wp-blog-header.php:19
[01-Feb-2022 04:25:03 UTC] PHP   4. include() C:\Users\mdsha\Local Sites\amazingcollege\app\public\wp-includes\template-loader.php:106
[01-Feb-2022 04:25:03 UTC] PHP   5. the_excerpt() C:\Users\mdsha\Local Sites\amazingcollege\app\public\wp-content\themes\fictional-university\archive.php:23
[01-Feb-2022 04:25:03 UTC] PHP   6. get_the_excerpt() C:\Users\mdsha\Local Sites\amazingcollege\app\public\wp-includes\post-template.php:394
[01-Feb-2022 04:25:03 UTC] PHP   7. apply_filters() C:\Users\mdsha\Local Sites\amazingcollege\app\public\wp-includes\post-template.php:429
[01-Feb-2022 04:25:03 UTC] PHP   8. WP_Hook->apply_filters() C:\Users\mdsha\Local Sites\amazingcollege\app\public\wp-includes\plugin.php:189
[01-Feb-2022 04:25:03 UTC] PHP   9. wp_trim_excerpt() C:\Users\mdsha\Local Sites\amazingcollege\app\public\wp-includes\class-wp-hook.php:307
[01-Feb-2022 04:25:03 UTC] PHP  10. apply_filters() C:\Users\mdsha\Local Sites\amazingcollege\app\public\wp-includes\formatting.php:3887
[01-Feb-2022 04:25:03 UTC] PHP  11. WP_Hook->apply_filters() C:\Users\mdsha\Local Sites\amazingcollege\app\public\wp-includes\plugin.php:189
[01-Feb-2022 04:25:03 UTC] PHP Warning:  call_user_func_array() expects parameter 1 to be a valid callback, function 'wpdocs_excerpt_more' not found or invalid function name in C:\Users\mdsha\Local Sites\amazingcollege\app\public\wp-includes\class-wp-hook.php on line 307
[01-Feb-2022 04:25:03 UTC] PHP Stack trace:
[01-Feb-2022 04:25:03 UTC] PHP   1. {main}() C:\Users\mdsha\Local Sites\amazingcollege\app\public\index.php:0
[01-Feb-2022 04:25:03 UTC] PHP   2. require() C:\Users\mdsha\Local Sites\amazingcollege\app\public\index.php:17
[01-Feb-2022 04:25:03 UTC] PHP   3. require_once() C:\Users\mdsha\Local Sites\amazingcollege\app\public\wp-blog-header.php:19
[01-Feb-2022 04:25:03 UTC] PHP   4. include() C:\Users\mdsha\Local Sites\amazingcollege\app\public\wp-includes\template-loader.php:106
[01-Feb-2022 04:25:03 UTC] PHP   5. the_excerpt() C:\Users\mdsha\Local Sites\amazingcollege\app\public\wp-content\themes\fictional-university\archive.php:23
[01-Feb-2022 04:25:03 UTC] PHP   6. get_the_excerpt() C:\Users\mdsha\Local Sites\amazingcollege\app\public\wp-includes\post-template.php:394
[01-Feb-2022 04:25:03 UTC] PHP   7. apply_filters() C:\Users\mdsha\Local Sites\amazingcollege\app\public\wp-includes\post-template.php:429
[01-Feb-2022 04:25:03 UTC] PHP   8. WP_Hook->apply_filters() C:\Users\mdsha\Local Sites\amazingcollege\app\public\wp-includes\plugin.php:189
[01-Feb-2022 04:25:03 UTC] PHP   9. wp_trim_excerpt() C:\Users\mdsha\Local Sites\amazingcollege\app\public\wp-includes\class-wp-hook.php:307
[01-Feb-2022 04:25:03 UTC] PHP  10. apply_filters() C:\Users\mdsha\Local Sites\amazingcollege\app\public\wp-includes\formatting.php:3887
[01-Feb-2022 04:25:03 UTC] PHP  11. WP_Hook->apply_filters() C:\Users\mdsha\Local Sites\amazingcollege\app\public\wp-includes\plugin.php:189
[01-Feb-2022 04:25:16 UTC] PHP Warning:  call_user_func_array() expects parameter 1 to be a valid callback, function 'wpdocs_excerpt_more' not found or invalid function name in C:\Users\mdsha\Local Sites\amazingcollege\app\public\wp-includes\class-wp-hook.php on line 307
[01-Feb-2022 04:25:16 UTC] PHP Stack trace:
[01-Feb-2022 04:25:16 UTC] PHP   1. {main}() C:\Users\mdsha\Local Sites\amazingcollege\app\public\index.php:0
[01-Feb-2022 04:25:16 UTC] PHP   2. require() C:\Users\mdsha\Local Sites\amazingcollege\app\public\index.php:17
[01-Feb-2022 04:25:16 UTC] PHP   3. require_once() C:\Users\mdsha\Local Sites\amazingcollege\app\public\wp-blog-header.php:19
[01-Feb-2022 04:25:16 UTC] PHP   4. include() C:\Users\mdsha\Local Sites\amazingcollege\app\public\wp-includes\template-loader.php:106
[01-Feb-2022 04:25:16 UTC] PHP   5. the_excerpt() C:\Users\mdsha\Local Sites\amazingcollege\app\public\wp-content\themes\fictional-university\archive.php:23
[01-Feb-2022 04:25:16 UTC] PHP   6. get_the_excerpt() C:\Users\mdsha\Local Sites\amazingcollege\app\public\wp-includes\post-template.php:394
[01-Feb-2022 04:25:16 UTC] PHP   7. apply_filters() C:\Users\mdsha\Local Sites\amazingcollege\app\public\wp-includes\post-template.php:429
[01-Feb-2022 04:25:16 UTC] PHP   8. WP_Hook->apply_filters() C:\Users\mdsha\Local Sites\amazingcollege\app\public\wp-includes\plugin.php:189
[01-Feb-2022 04:25:16 UTC] PHP   9. wp_trim_excerpt() C:\Users\mdsha\Local Sites\amazingcollege\app\public\wp-includes\class-wp-hook.php:307
[01-Feb-2022 04:25:16 UTC] PHP  10. apply_filters() C:\Users\mdsha\Local Sites\amazingcollege\app\public\wp-includes\formatting.php:3887
[01-Feb-2022 04:25:16 UTC] PHP  11. WP_Hook->apply_filters() C:\Users\mdsha\Local Sites\amazingcollege\app\public\wp-includes\plugin.php:189
[01-Feb-2022 04:25:16 UTC] PHP Warning:  call_user_func_array() expects parameter 1 to be a valid callback, function 'wpdocs_excerpt_more' not found or invalid function name in C:\Users\mdsha\Local Sites\amazingcollege\app\public\wp-includes\class-wp-hook.php on line 307
[01-Feb-2022 04:25:16 UTC] PHP Stack trace:
[01-Feb-2022 04:25:16 UTC] PHP   1. {main}() C:\Users\mdsha\Local Sites\amazingcollege\app\public\index.php:0
[01-Feb-2022 04:25:16 UTC] PHP   2. require() C:\Users\mdsha\Local Sites\amazingcollege\app\public\index.php:17
[01-Feb-2022 04:25:16 UTC] PHP   3. require_once() C:\Users\mdsha\Local Sites\amazingcollege\app\public\wp-blog-header.php:19
[01-Feb-2022 04:25:16 UTC] PHP   4. include() C:\Users\mdsha\Local Sites\amazingcollege\app\public\wp-includes\template-loader.php:106
[01-Feb-2022 04:25:16 UTC] PHP   5. the_excerpt() C:\Users\mdsha\Local Sites\amazingcollege\app\public\wp-content\themes\fictional-university\archive.php:23
[01-Feb-2022 04:25:16 UTC] PHP   6. get_the_excerpt() C:\Users\mdsha\Local Sites\amazingcollege\app\public\wp-includes\post-template.php:394
[01-Feb-2022 04:25:16 UTC] PHP   7. apply_filters() C:\Users\mdsha\Local Sites\amazingcollege\app\public\wp-includes\post-template.php:429
[01-Feb-2022 04:25:16 UTC] PHP   8. WP_Hook->apply_filters() C:\Users\mdsha\Local Sites\amazingcollege\app\public\wp-includes\plugin.php:189
[01-Feb-2022 04:25:16 UTC] PHP   9. wp_trim_excerpt() C:\Users\mdsha\Local Sites\amazingcollege\app\public\wp-includes\class-wp-hook.php:307
[01-Feb-2022 04:25:16 UTC] PHP  10. apply_filters() C:\Users\mdsha\Local Sites\amazingcollege\app\public\wp-includes\formatting.php:3887
[01-Feb-2022 04:25:16 UTC] PHP  11. WP_Hook->apply_filters() C:\Users\mdsha\Local Sites\amazingcollege\app\public\wp-includes\plugin.php:189
[01-Feb-2022 04:25:28 UTC] PHP Warning:  call_user_func_array() expects parameter 1 to be a valid callback, function 'wpdocs_excerpt_more' not found or invalid function name in C:\Users\mdsha\Local Sites\amazingcollege\app\public\wp-includes\class-wp-hook.php on line 307
[01-Feb-2022 04:25:28 UTC] PHP Stack trace:
[01-Feb-2022 04:25:28 UTC] PHP   1. {main}() C:\Users\mdsha\Local Sites\amazingcollege\app\public\index.php:0
[01-Feb-2022 04:25:28 UTC] PHP   2. require() C:\Users\mdsha\Local Sites\amazingcollege\app\public\index.php:17
[01-Feb-2022 04:25:28 UTC] PHP   3. require_once() C:\Users\mdsha\Local Sites\amazingcollege\app\public\wp-blog-header.php:19
[01-Feb-2022 04:25:28 UTC] PHP   4. include() C:\Users\mdsha\Local Sites\amazingcollege\app\public\wp-includes\template-loader.php:106
[01-Feb-2022 04:25:28 UTC] PHP   5. the_excerpt() C:\Users\mdsha\Local Sites\amazingcollege\app\public\wp-content\themes\fictional-university\index.php:23
[01-Feb-2022 04:25:28 UTC] PHP   6. get_the_excerpt() C:\Users\mdsha\Local Sites\amazingcollege\app\public\wp-includes\post-template.php:394
[01-Feb-2022 04:25:28 UTC] PHP   7. apply_filters() C:\Users\mdsha\Local Sites\amazingcollege\app\public\wp-includes\post-template.php:429
[01-Feb-2022 04:25:28 UTC] PHP   8. WP_Hook->apply_filters() C:\Users\mdsha\Local Sites\amazingcollege\app\public\wp-includes\plugin.php:189
[01-Feb-2022 04:25:28 UTC] PHP   9. wp_trim_excerpt() C:\Users\mdsha\Local Sites\amazingcollege\app\public\wp-includes\class-wp-hook.php:307
[01-Feb-2022 04:25:28 UTC] PHP  10. apply_filters() C:\Users\mdsha\Local Sites\amazingcollege\app\public\wp-includes\formatting.php:3887
[01-Feb-2022 04:25:28 UTC] PHP  11. WP_Hook->apply_filters() C:\Users\mdsha\Local Sites\amazingcollege\app\public\wp-includes\plugin.php:189
[01-Feb-2022 04:25:28 UTC] PHP Warning:  call_user_func_array() expects parameter 1 to be a valid callback, function 'wpdocs_excerpt_more' not found or invalid function name in C:\Users\mdsha\Local Sites\amazingcollege\app\public\wp-includes\class-wp-hook.php on line 307
[01-Feb-2022 04:25:28 UTC] PHP Stack trace:
[01-Feb-2022 04:25:28 UTC] PHP   1. {main}() C:\Users\mdsha\Local Sites\amazingcollege\app\public\index.php:0
[01-Feb-2022 04:25:28 UTC] PHP   2. require() C:\Users\mdsha\Local Sites\amazingcollege\app\public\index.php:17
[01-Feb-2022 04:25:28 UTC] PHP   3. require_once() C:\Users\mdsha\Local Sites\amazingcollege\app\public\wp-blog-header.php:19
[01-Feb-2022 04:25:28 UTC] PHP   4. include() C:\Users\mdsha\Local Sites\amazingcollege\app\public\wp-includes\template-loader.php:106
[01-Feb-2022 04:25:28 UTC] PHP   5. the_excerpt() C:\Users\mdsha\Local Sites\amazingcollege\app\public\wp-content\themes\fictional-university\index.php:23
[01-Feb-2022 04:25:28 UTC] PHP   6. get_the_excerpt() C:\Users\mdsha\Local Sites\amazingcollege\app\public\wp-includes\post-template.php:394
[01-Feb-2022 04:25:28 UTC] PHP   7. apply_filters() C:\Users\mdsha\Local Sites\amazingcollege\app\public\wp-includes\post-template.php:429
[01-Feb-2022 04:25:28 UTC] PHP   8. WP_Hook->apply_filters() C:\Users\mdsha\Local Sites\amazingcollege\app\public\wp-includes\plugin.php:189
[01-Feb-2022 04:25:28 UTC] PHP   9. wp_trim_excerpt() C:\Users\mdsha\Local Sites\amazingcollege\app\public\wp-includes\class-wp-hook.php:307
[01-Feb-2022 04:25:28 UTC] PHP  10. apply_filters() C:\Users\mdsha\Local Sites\amazingcollege\app\public\wp-includes\formatting.php:3887
[01-Feb-2022 04:25:28 UTC] PHP  11. WP_Hook->apply_filters() C:\Users\mdsha\Local Sites\amazingcollege\app\public\wp-includes\plugin.php:189
[01-Feb-2022 05:45:57 UTC] PHP Parse error:  syntax error, unexpected ';', expecting ')' in C:\Users\mdsha\Local Sites\amazingcollege\app\public\wp-content\themes\fictional-university\front-page.php on line 59
[01-Feb-2022 09:22:19 UTC] PHP Parse error:  syntax error, unexpected end of file in C:\Users\mdsha\Local Sites\amazingcollege\app\public\wp-content\themes\fictional-university\functions.php on line 36
[01-Feb-2022 09:22:19 UTC] PHP Parse error:  syntax error, unexpected end of file in C:\Users\mdsha\Local Sites\amazingcollege\app\public\wp-content\themes\fictional-university\functions.php on line 36
[01-Feb-2022 09:22:22 UTC] PHP Parse error:  syntax error, unexpected end of file in C:\Users\mdsha\Local Sites\amazingcollege\app\public\wp-content\themes\fictional-university\functions.php on line 36
[01-Feb-2022 09:23:13 UTC] PHP Parse error:  syntax error, unexpected end of file in C:\Users\mdsha\Local Sites\amazingcollege\app\public\wp-content\themes\fictional-university\functions.php on line 36
[01-Feb-2022 09:51:41 UTC] PHP Parse error:  syntax error, unexpected '->' (T_OBJECT_OPERATOR) in C:\Users\mdsha\Local Sites\amazingcollege\app\public\wp-content\themes\fictional-university\front-page.php on line 24
[01-Feb-2022 09:52:58 UTC] PHP Parse error:  syntax error, unexpected '->' (T_OBJECT_OPERATOR) in C:\Users\mdsha\Local Sites\amazingcollege\app\public\wp-content\themes\fictional-university\front-page.php on line 24
[01-Feb-2022 09:53:09 UTC] PHP Parse error:  syntax error, unexpected '->' (T_OBJECT_OPERATOR) in C:\Users\mdsha\Local Sites\amazingcollege\app\public\wp-content\themes\fictional-university\front-page.php on line 24
[01-Feb-2022 09:53:26 UTC] PHP Parse error:  syntax error, unexpected '->' (T_OBJECT_OPERATOR) in C:\Users\mdsha\Local Sites\amazingcollege\app\public\wp-content\themes\fictional-university\front-page.php on line 24
[01-Feb-2022 09:53:54 UTC] PHP Parse error:  syntax error, unexpected end of file in C:\Users\mdsha\Local Sites\amazingcollege\app\public\wp-content\themes\fictional-university\front-page.php on line 120
[01-Feb-2022 09:54:16 UTC] PHP Parse error:  syntax error, unexpected end of file in C:\Users\mdsha\Local Sites\amazingcollege\app\public\wp-content\themes\fictional-university\front-page.php on line 119
[01-Feb-2022 10:00:38 UTC] PHP Parse error:  syntax error, unexpected 'event' (T_STRING) in C:\Users\mdsha\Local Sites\amazingcollege\app\public\wp-content\themes\fictional-university\front-page.php on line 27
[01-Feb-2022 10:40:22 UTC] PHP Parse error:  syntax error, unexpected ''public'' (T_CONSTANT_ENCAPSED_STRING), expecting ')' in C:\Users\mdsha\Local Sites\amazingcollege\app\public\wp-content\mu-plugins\university-post-types.php on line 6
[01-Feb-2022 10:40:23 UTC] PHP Parse error:  syntax error, unexpected ''public'' (T_CONSTANT_ENCAPSED_STRING), expecting ')' in C:\Users\mdsha\Local Sites\amazingcollege\app\public\wp-content\mu-plugins\university-post-types.php on line 6
[01-Feb-2022 10:40:27 UTC] PHP Parse error:  syntax error, unexpected ''public'' (T_CONSTANT_ENCAPSED_STRING), expecting ')' in C:\Users\mdsha\Local Sites\amazingcollege\app\public\wp-content\mu-plugins\university-post-types.php on line 6
[01-Feb-2022 10:40:28 UTC] PHP Parse error:  syntax error, unexpected ''public'' (T_CONSTANT_ENCAPSED_STRING), expecting ')' in C:\Users\mdsha\Local Sites\amazingcollege\app\public\wp-content\mu-plugins\university-post-types.php on line 6
[01-Feb-2022 10:51:36 UTC] PHP Fatal error:  Uncaught ArgumentCountError: Too few arguments to function get_post_type_archive_link(), 0 passed in C:\Users\mdsha\Local Sites\amazingcollege\app\public\wp-content\themes\fictional-university\single-event.php on line 18 and exactly 1 expected in C:\Users\mdsha\Local Sites\amazingcollege\app\public\wp-includes\link-template.php:1297
Stack trace:
#0 C:\Users\mdsha\Local Sites\amazingcollege\app\public\wp-content\themes\fictional-university\single-event.php(18): get_post_type_archive_link()
#1 C:\Users\mdsha\Local Sites\amazingcollege\app\public\wp-includes\template-loader.php(106): include('C:\\Users\\mdsha\\...')
#2 C:\Users\mdsha\Local Sites\amazingcollege\app\public\wp-blog-header.php(19): require_once('C:\\Users\\mdsha\\...')
#3 C:\Users\mdsha\Local Sites\amazingcollege\app\public\index.php(17): require('C:\\Users\\mdsha\\...')
#4 {main}
  thrown in C:\Users\mdsha\Local Sites\amazingcollege\app\public\wp-includes\link-template.php on line 1297
[01-Feb-2022 10:52:35 UTC] PHP Fatal error:  Uncaught ArgumentCountError: Too few arguments to function get_post_type_archive_link(), 0 passed in C:\Users\mdsha\Local Sites\amazingcollege\app\public\wp-content\themes\fictional-university\single-event.php on line 18 and exactly 1 expected in C:\Users\mdsha\Local Sites\amazingcollege\app\public\wp-includes\link-template.php:1297
Stack trace:
#0 C:\Users\mdsha\Local Sites\amazingcollege\app\public\wp-content\themes\fictional-university\single-event.php(18): get_post_type_archive_link()
#1 C:\Users\mdsha\Local Sites\amazingcollege\app\public\wp-includes\template-loader.php(106): include('C:\\Users\\mdsha\\...')
#2 C:\Users\mdsha\Local Sites\amazingcollege\app\public\wp-blog-header.php(19): require_once('C:\\Users\\mdsha\\...')
#3 C:\Users\mdsha\Local Sites\amazingcollege\app\public\index.php(17): require('C:\\Users\\mdsha\\...')
#4 {main}
  thrown in C:\Users\mdsha\Local Sites\amazingcollege\app\public\wp-includes\link-template.php on line 1297
[01-Feb-2022 10:53:10 UTC] PHP Fatal error:  Uncaught ArgumentCountError: Too few arguments to function get_post_type_archive_link(), 0 passed in C:\Users\mdsha\Local Sites\amazingcollege\app\public\wp-content\themes\fictional-university\single-event.php on line 18 and exactly 1 expected in C:\Users\mdsha\Local Sites\amazingcollege\app\public\wp-includes\link-template.php:1297
Stack trace:
#0 C:\Users\mdsha\Local Sites\amazingcollege\app\public\wp-content\themes\fictional-university\single-event.php(18): get_post_type_archive_link()
#1 C:\Users\mdsha\Local Sites\amazingcollege\app\public\wp-includes\template-loader.php(106): include('C:\\Users\\mdsha\\...')
#2 C:\Users\mdsha\Local Sites\amazingcollege\app\public\wp-blog-header.php(19): require_once('C:\\Users\\mdsha\\...')
#3 C:\Users\mdsha\Local Sites\amazingcollege\app\public\index.php(17): require('C:\\Users\\mdsha\\...')
#4 {main}
  thrown in C:\Users\mdsha\Local Sites\amazingcollege\app\public\wp-includes\link-template.php on line 1297
[01-Feb-2022 10:54:20 UTC] PHP Fatal error:  Uncaught ArgumentCountError: Too few arguments to function get_post_type_archive_link(), 0 passed in C:\Users\mdsha\Local Sites\amazingcollege\app\public\wp-content\themes\fictional-university\single-event.php on line 18 and exactly 1 expected in C:\Users\mdsha\Local Sites\amazingcollege\app\public\wp-includes\link-template.php:1297
Stack trace:
#0 C:\Users\mdsha\Local Sites\amazingcollege\app\public\wp-content\themes\fictional-university\single-event.php(18): get_post_type_archive_link()
#1 C:\Users\mdsha\Local Sites\amazingcollege\app\public\wp-includes\template-loader.php(106): include('C:\\Users\\mdsha\\...')
#2 C:\Users\mdsha\Local Sites\amazingcollege\app\public\wp-blog-header.php(19): require_once('C:\\Users\\mdsha\\...')
#3 C:\Users\mdsha\Local Sites\amazingcollege\app\public\index.php(17): require('C:\\Users\\mdsha\\...')
#4 {main}
  thrown in C:\Users\mdsha\Local Sites\amazingcollege\app\public\wp-includes\link-template.php on line 1297
[02-Feb-2022 06:09:58 UTC] PHP Parse error:  syntax error, unexpected ''has_archive'' (T_CONSTANT_ENCAPSED_STRING), expecting ')' in C:\Users\mdsha\Local Sites\amazingcollege\app\public\wp-content\mu-plugins\university-post-types.php on line 5
[02-Feb-2022 06:09:59 UTC] PHP Parse error:  syntax error, unexpected ''has_archive'' (T_CONSTANT_ENCAPSED_STRING), expecting ')' in C:\Users\mdsha\Local Sites\amazingcollege\app\public\wp-content\mu-plugins\university-post-types.php on line 5
[02-Feb-2022 06:09:59 UTC] PHP Parse error:  syntax error, unexpected ''has_archive'' (T_CONSTANT_ENCAPSED_STRING), expecting ')' in C:\Users\mdsha\Local Sites\amazingcollege\app\public\wp-content\mu-plugins\university-post-types.php on line 5
[02-Feb-2022 06:10:01 UTC] PHP Parse error:  syntax error, unexpected ''has_archive'' (T_CONSTANT_ENCAPSED_STRING), expecting ')' in C:\Users\mdsha\Local Sites\amazingcollege\app\public\wp-content\mu-plugins\university-post-types.php on line 5
[02-Feb-2022 08:49:20 UTC] PHP Fatal error:  Uncaught Error: Call to undefined method DateTime::date_format() in C:\Users\mdsha\Local Sites\amazingcollege\app\public\wp-content\themes\fictional-university\front-page.php:29
Stack trace:
#0 C:\Users\mdsha\Local Sites\amazingcollege\app\public\wp-includes\template-loader.php(106): include()
#1 C:\Users\mdsha\Local Sites\amazingcollege\app\public\wp-blog-header.php(19): require_once('C:\\Users\\mdsha\\...')
#2 C:\Users\mdsha\Local Sites\amazingcollege\app\public\index.php(17): require('C:\\Users\\mdsha\\...')
#3 {main}
  thrown in C:\Users\mdsha\Local Sites\amazingcollege\app\public\wp-content\themes\fictional-university\front-page.php on line 29
[02-Feb-2022 08:51:27 UTC] PHP Fatal error:  Uncaught Exception: DateTime::__construct(): Failed to parse time string (18/02/2022) at position 0 (1): Unexpected character in C:\Users\mdsha\Local Sites\amazingcollege\app\public\wp-content\themes\fictional-university\front-page.php:28
Stack trace:
#0 C:\Users\mdsha\Local Sites\amazingcollege\app\public\wp-content\themes\fictional-university\front-page.php(28): DateTime->__construct('18/02/2022')
#1 C:\Users\mdsha\Local Sites\amazingcollege\app\public\wp-includes\template-loader.php(106): include('C:\\Users\\mdsha\\...')
#2 C:\Users\mdsha\Local Sites\amazingcollege\app\public\wp-blog-header.php(19): require_once('C:\\Users\\mdsha\\...')
#3 C:\Users\mdsha\Local Sites\amazingcollege\app\public\index.php(17): require('C:\\Users\\mdsha\\...')
#4 {main}
  thrown in C:\Users\mdsha\Local Sites\amazingcollege\app\public\wp-content\themes\fictional-university\front-page.php on line 28
[02-Feb-2022 08:51:47 UTC] PHP Fatal error:  Uncaught Exception: DateTime::__construct(): Failed to parse time string (18/02/2022) at position 0 (1): Unexpected character in C:\Users\mdsha\Local Sites\amazingcollege\app\public\wp-content\themes\fictional-university\front-page.php:28
Stack trace:
#0 C:\Users\mdsha\Local Sites\amazingcollege\app\public\wp-content\themes\fictional-university\front-page.php(28): DateTime->__construct('18/02/2022')
#1 C:\Users\mdsha\Local Sites\amazingcollege\app\public\wp-includes\template-loader.php(106): include('C:\\Users\\mdsha\\...')
#2 C:\Users\mdsha\Local Sites\amazingcollege\app\public\wp-blog-header.php(19): require_once('C:\\Users\\mdsha\\...')
#3 C:\Users\mdsha\Local Sites\amazingcollege\app\public\index.php(17): require('C:\\Users\\mdsha\\...')
#4 {main}
  thrown in C:\Users\mdsha\Local Sites\amazingcollege\app\public\wp-content\themes\fictional-university\front-page.php on line 28
[02-Feb-2022 08:53:11 UTC] PHP Fatal error:  Uncaught Exception: DateTime::__construct(): Failed to parse time string (18/02/2022) at position 0 (1): Unexpected character in C:\Users\mdsha\Local Sites\amazingcollege\app\public\wp-content\themes\fictional-university\front-page.php:28
Stack trace:
#0 C:\Users\mdsha\Local Sites\amazingcollege\app\public\wp-content\themes\fictional-university\front-page.php(28): DateTime->__construct('18/02/2022')
#1 C:\Users\mdsha\Local Sites\amazingcollege\app\public\wp-includes\template-loader.php(106): include('C:\\Users\\mdsha\\...')
#2 C:\Users\mdsha\Local Sites\amazingcollege\app\public\wp-blog-header.php(19): require_once('C:\\Users\\mdsha\\...')
#3 C:\Users\mdsha\Local Sites\amazingcollege\app\public\index.php(17): require('C:\\Users\\mdsha\\...')
#4 {main}
  thrown in C:\Users\mdsha\Local Sites\amazingcollege\app\public\wp-content\themes\fictional-university\front-page.php on line 28
[02-Feb-2022 08:53:50 UTC] PHP Parse error:  syntax error, unexpected 'echo' (T_ECHO) in C:\Users\mdsha\Local Sites\amazingcollege\app\public\wp-content\themes\fictional-university\front-page.php on line 28
[02-Feb-2022 08:54:14 UTC] PHP Fatal error:  Uncaught Exception: DateTime::__construct(): Failed to parse time string (18/02/2022) at position 0 (1): Unexpected character in C:\Users\mdsha\Local Sites\amazingcollege\app\public\wp-content\themes\fictional-university\front-page.php:28
Stack trace:
#0 C:\Users\mdsha\Local Sites\amazingcollege\app\public\wp-content\themes\fictional-university\front-page.php(28): DateTime->__construct('18/02/2022')
#1 C:\Users\mdsha\Local Sites\amazingcollege\app\public\wp-includes\template-loader.php(106): include('C:\\Users\\mdsha\\...')
#2 C:\Users\mdsha\Local Sites\amazingcollege\app\public\wp-blog-header.php(19): require_once('C:\\Users\\mdsha\\...')
#3 C:\Users\mdsha\Local Sites\amazingcollege\app\public\index.php(17): require('C:\\Users\\mdsha\\...')
#4 {main}
  thrown in C:\Users\mdsha\Local Sites\amazingcollege\app\public\wp-content\themes\fictional-university\front-page.php on line 28
[02-Feb-2022 08:55:23 UTC] PHP Fatal error:  Uncaught Exception: DateTime::__construct(): Failed to parse time string (18/02/2022) at position 0 (1): Unexpected character in C:\Users\mdsha\Local Sites\amazingcollege\app\public\wp-content\themes\fictional-university\front-page.php:28
Stack trace:
#0 C:\Users\mdsha\Local Sites\amazingcollege\app\public\wp-content\themes\fictional-university\front-page.php(28): DateTime->__construct('18/02/2022')
#1 C:\Users\mdsha\Local Sites\amazingcollege\app\public\wp-includes\template-loader.php(106): include('C:\\Users\\mdsha\\...')
#2 C:\Users\mdsha\Local Sites\amazingcollege\app\public\wp-blog-header.php(19): require_once('C:\\Users\\mdsha\\...')
#3 C:\Users\mdsha\Local Sites\amazingcollege\app\public\index.php(17): require('C:\\Users\\mdsha\\...')
#4 {main}
  thrown in C:\Users\mdsha\Local Sites\amazingcollege\app\public\wp-content\themes\fictional-university\front-page.php on line 28
[02-Feb-2022 09:09:54 UTC] PHP Fatal error:  Uncaught Exception: DateTime::__construct(): Failed to parse time string (18/02/2022) at position 0 (1): Unexpected character in C:\Users\mdsha\Local Sites\amazingcollege\app\public\wp-content\themes\fictional-university\front-page.php:28
Stack trace:
#0 C:\Users\mdsha\Local Sites\amazingcollege\app\public\wp-content\themes\fictional-university\front-page.php(28): DateTime->__construct('18/02/2022')
#1 C:\Users\mdsha\Local Sites\amazingcollege\app\public\wp-includes\template-loader.php(106): include('C:\\Users\\mdsha\\...')
#2 C:\Users\mdsha\Local Sites\amazingcollege\app\public\wp-blog-header.php(19): require_once('C:\\Users\\mdsha\\...')
#3 C:\Users\mdsha\Local Sites\amazingcollege\app\public\index.php(17): require('C:\\Users\\mdsha\\...')
#4 {main}
  thrown in C:\Users\mdsha\Local Sites\amazingcollege\app\public\wp-content\themes\fictional-university\front-page.php on line 28
[02-Feb-2022 09:12:27 UTC] PHP Fatal error:  Uncaught Exception: DateTime::__construct(): Failed to parse time string (18/02/2022) at position 0 (1): Unexpected character in C:\Users\mdsha\Local Sites\amazingcollege\app\public\wp-content\themes\fictional-university\front-page.php:28
Stack trace:
#0 C:\Users\mdsha\Local Sites\amazingcollege\app\public\wp-content\themes\fictional-university\front-page.php(28): DateTime->__construct('18/02/2022')
#1 C:\Users\mdsha\Local Sites\amazingcollege\app\public\wp-includes\template-loader.php(106): include('C:\\Users\\mdsha\\...')
#2 C:\Users\mdsha\Local Sites\amazingcollege\app\public\wp-blog-header.php(19): require_once('C:\\Users\\mdsha\\...')
#3 C:\Users\mdsha\Local Sites\amazingcollege\app\public\index.php(17): require('C:\\Users\\mdsha\\...')
#4 {main}
  thrown in C:\Users\mdsha\Local Sites\amazingcollege\app\public\wp-content\themes\fictional-university\front-page.php on line 28
[02-Feb-2022 09:12:56 UTC] PHP Fatal error:  Uncaught Exception: DateTime::__construct(): Failed to parse time string (18/02/2022) at position 0 (1): Unexpected character in C:\Users\mdsha\Local Sites\amazingcollege\app\public\wp-content\themes\fictional-university\front-page.php:28
Stack trace:
#0 C:\Users\mdsha\Local Sites\amazingcollege\app\public\wp-content\themes\fictional-university\front-page.php(28): DateTime->__construct('18/02/2022')
#1 C:\Users\mdsha\Local Sites\amazingcollege\app\public\wp-includes\template-loader.php(106): include('C:\\Users\\mdsha\\...')
#2 C:\Users\mdsha\Local Sites\amazingcollege\app\public\wp-blog-header.php(19): require_once('C:\\Users\\mdsha\\...')
#3 C:\Users\mdsha\Local Sites\amazingcollege\app\public\index.php(17): require('C:\\Users\\mdsha\\...')
#4 {main}
  thrown in C:\Users\mdsha\Local Sites\amazingcollege\app\public\wp-content\themes\fictional-university\front-page.php on line 28
[02-Feb-2022 09:13:02 UTC] PHP Fatal error:  Uncaught Exception: DateTime::__construct(): Failed to parse time string (18/02/2022) at position 0 (1): Unexpected character in C:\Users\mdsha\Local Sites\amazingcollege\app\public\wp-content\themes\fictional-university\front-page.php:28
Stack trace:
#0 C:\Users\mdsha\Local Sites\amazingcollege\app\public\wp-content\themes\fictional-university\front-page.php(28): DateTime->__construct('18/02/2022')
#1 C:\Users\mdsha\Local Sites\amazingcollege\app\public\wp-includes\template-loader.php(106): include('C:\\Users\\mdsha\\...')
#2 C:\Users\mdsha\Local Sites\amazingcollege\app\public\wp-blog-header.php(19): require_once('C:\\Users\\mdsha\\...')
#3 C:\Users\mdsha\Local Sites\amazingcollege\app\public\index.php(17): require('C:\\Users\\mdsha\\...')
#4 {main}
  thrown in C:\Users\mdsha\Local Sites\amazingcollege\app\public\wp-content\themes\fictional-university\front-page.php on line 28
[02-Feb-2022 09:13:26 UTC] PHP Parse error:  syntax error, unexpected 'echo' (T_ECHO) in C:\Users\mdsha\Local Sites\amazingcollege\app\public\wp-content\themes\fictional-university\front-page.php on line 29
[02-Feb-2022 09:13:57 UTC] PHP Fatal error:  Uncaught Exception: DateTime::__construct(): Failed to parse time string (18/02/2022) at position 0 (1): Unexpected character in C:\Users\mdsha\Local Sites\amazingcollege\app\public\wp-content\themes\fictional-university\front-page.php:28
Stack trace:
#0 C:\Users\mdsha\Local Sites\amazingcollege\app\public\wp-content\themes\fictional-university\front-page.php(28): DateTime->__construct('18/02/2022')
#1 C:\Users\mdsha\Local Sites\amazingcollege\app\public\wp-includes\template-loader.php(106): include('C:\\Users\\mdsha\\...')
#2 C:\Users\mdsha\Local Sites\amazingcollege\app\public\wp-blog-header.php(19): require_once('C:\\Users\\mdsha\\...')
#3 C:\Users\mdsha\Local Sites\amazingcollege\app\public\index.php(17): require('C:\\Users\\mdsha\\...')
#4 {main}
  thrown in C:\Users\mdsha\Local Sites\amazingcollege\app\public\wp-content\themes\fictional-university\front-page.php on line 28
[02-Feb-2022 09:14:39 UTC] PHP Fatal error:  Uncaught Exception: DateTime::__construct(): Failed to parse time string (18/02/2022) at position 0 (1): Unexpected character in C:\Users\mdsha\Local Sites\amazingcollege\app\public\wp-content\themes\fictional-university\front-page.php:28
Stack trace:
#0 C:\Users\mdsha\Local Sites\amazingcollege\app\public\wp-content\themes\fictional-university\front-page.php(28): DateTime->__construct('18/02/2022')
#1 C:\Users\mdsha\Local Sites\amazingcollege\app\public\wp-includes\template-loader.php(106): include('C:\\Users\\mdsha\\...')
#2 C:\Users\mdsha\Local Sites\amazingcollege\app\public\wp-blog-header.php(19): require_once('C:\\Users\\mdsha\\...')
#3 C:\Users\mdsha\Local Sites\amazingcollege\app\public\index.php(17): require('C:\\Users\\mdsha\\...')
#4 {main}
  thrown in C:\Users\mdsha\Local Sites\amazingcollege\app\public\wp-content\themes\fictional-university\front-page.php on line 28
[02-Feb-2022 09:15:12 UTC] PHP Fatal error:  Uncaught Exception: DateTime::__construct(): Failed to parse time string (18/02/2022) at position 0 (1): Unexpected character in C:\Users\mdsha\Local Sites\amazingcollege\app\public\wp-content\themes\fictional-university\front-page.php:28
Stack trace:
#0 C:\Users\mdsha\Local Sites\amazingcollege\app\public\wp-content\themes\fictional-university\front-page.php(28): DateTime->__construct('18/02/2022')
#1 C:\Users\mdsha\Local Sites\amazingcollege\app\public\wp-includes\template-loader.php(106): include('C:\\Users\\mdsha\\...')
#2 C:\Users\mdsha\Local Sites\amazingcollege\app\public\wp-blog-header.php(19): require_once('C:\\Users\\mdsha\\...')
#3 C:\Users\mdsha\Local Sites\amazingcollege\app\public\index.php(17): require('C:\\Users\\mdsha\\...')
#4 {main}
  thrown in C:\Users\mdsha\Local Sites\amazingcollege\app\public\wp-content\themes\fictional-university\front-page.php on line 28
[02-Feb-2022 09:16:33 UTC] PHP Fatal error:  Uncaught Exception: DateTime::__construct(): Failed to parse time string (18/02/2022) at position 0 (1): Unexpected character in C:\Users\mdsha\Local Sites\amazingcollege\app\public\wp-content\themes\fictional-university\front-page.php:28
Stack trace:
#0 C:\Users\mdsha\Local Sites\amazingcollege\app\public\wp-content\themes\fictional-university\front-page.php(28): DateTime->__construct('18/02/2022')
#1 C:\Users\mdsha\Local Sites\amazingcollege\app\public\wp-includes\template-loader.php(106): include('C:\\Users\\mdsha\\...')
#2 C:\Users\mdsha\Local Sites\amazingcollege\app\public\wp-blog-header.php(19): require_once('C:\\Users\\mdsha\\...')
#3 C:\Users\mdsha\Local Sites\amazingcollege\app\public\index.php(17): require('C:\\Users\\mdsha\\...')
#4 {main}
  thrown in C:\Users\mdsha\Local Sites\amazingcollege\app\public\wp-content\themes\fictional-university\front-page.php on line 28
[02-Feb-2022 09:16:51 UTC] PHP Fatal error:  Uncaught Exception: DateTime::__construct(): Failed to parse time string (18/02/2022) at position 0 (1): Unexpected character in C:\Users\mdsha\Local Sites\amazingcollege\app\public\wp-content\themes\fictional-university\front-page.php:28
Stack trace:
#0 C:\Users\mdsha\Local Sites\amazingcollege\app\public\wp-content\themes\fictional-university\front-page.php(28): DateTime->__construct('18/02/2022')
#1 C:\Users\mdsha\Local Sites\amazingcollege\app\public\wp-includes\template-loader.php(106): include('C:\\Users\\mdsha\\...')
#2 C:\Users\mdsha\Local Sites\amazingcollege\app\public\wp-blog-header.php(19): require_once('C:\\Users\\mdsha\\...')
#3 C:\Users\mdsha\Local Sites\amazingcollege\app\public\index.php(17): require('C:\\Users\\mdsha\\...')
#4 {main}
  thrown in C:\Users\mdsha\Local Sites\amazingcollege\app\public\wp-content\themes\fictional-university\front-page.php on line 28
[02-Feb-2022 09:18:20 UTC] PHP Fatal error:  Uncaught Error: Call to undefined function get_the_field() in C:\Users\mdsha\Local Sites\amazingcollege\app\public\wp-content\themes\fictional-university\front-page.php:28
Stack trace:
#0 C:\Users\mdsha\Local Sites\amazingcollege\app\public\wp-includes\template-loader.php(106): include()
#1 C:\Users\mdsha\Local Sites\amazingcollege\app\public\wp-blog-header.php(19): require_once('C:\\Users\\mdsha\\...')
#2 C:\Users\mdsha\Local Sites\amazingcollege\app\public\index.php(17): require('C:\\Users\\mdsha\\...')
#3 {main}
  thrown in C:\Users\mdsha\Local Sites\amazingcollege\app\public\wp-content\themes\fictional-university\front-page.php on line 28
[02-Feb-2022 09:19:10 UTC] PHP Fatal error:  Uncaught Exception: DateTime::__construct(): Failed to parse time string (18/02/2022) at position 0 (1): Unexpected character in C:\Users\mdsha\Local Sites\amazingcollege\app\public\wp-content\themes\fictional-university\front-page.php:28
Stack trace:
#0 C:\Users\mdsha\Local Sites\amazingcollege\app\public\wp-content\themes\fictional-university\front-page.php(28): DateTime->__construct('18/02/2022')
#1 C:\Users\mdsha\Local Sites\amazingcollege\app\public\wp-includes\template-loader.php(106): include('C:\\Users\\mdsha\\...')
#2 C:\Users\mdsha\Local Sites\amazingcollege\app\public\wp-blog-header.php(19): require_once('C:\\Users\\mdsha\\...')
#3 C:\Users\mdsha\Local Sites\amazingcollege\app\public\index.php(17): require('C:\\Users\\mdsha\\...')
#4 {main}
  thrown in C:\Users\mdsha\Local Sites\amazingcollege\app\public\wp-content\themes\fictional-university\front-page.php on line 28
[02-Feb-2022 09:19:56 UTC] PHP Fatal error:  Uncaught Exception: DateTime::__construct(): Failed to parse time string (18/02/2022) at position 0 (1): Unexpected character in C:\Users\mdsha\Local Sites\amazingcollege\app\public\wp-content\themes\fictional-university\front-page.php:28
Stack trace:
#0 C:\Users\mdsha\Local Sites\amazingcollege\app\public\wp-content\themes\fictional-university\front-page.php(28): DateTime->__construct('18/02/2022')
#1 C:\Users\mdsha\Local Sites\amazingcollege\app\public\wp-includes\template-loader.php(106): include('C:\\Users\\mdsha\\...')
#2 C:\Users\mdsha\Local Sites\amazingcollege\app\public\wp-blog-header.php(19): require_once('C:\\Users\\mdsha\\...')
#3 C:\Users\mdsha\Local Sites\amazingcollege\app\public\index.php(17): require('C:\\Users\\mdsha\\...')
#4 {main}
  thrown in C:\Users\mdsha\Local Sites\amazingcollege\app\public\wp-content\themes\fictional-university\front-page.php on line 28
[02-Feb-2022 09:23:31 UTC] PHP Fatal error:  Uncaught Exception: DateTime::__construct(): Failed to parse time string (18/02/2022) at position 0 (1): Unexpected character in C:\Users\mdsha\Local Sites\amazingcollege\app\public\wp-content\themes\fictional-university\front-page.php:28
Stack trace:
#0 C:\Users\mdsha\Local Sites\amazingcollege\app\public\wp-content\themes\fictional-university\front-page.php(28): DateTime->__construct('18/02/2022')
#1 C:\Users\mdsha\Local Sites\amazingcollege\app\public\wp-includes\template-loader.php(106): include('C:\\Users\\mdsha\\...')
#2 C:\Users\mdsha\Local Sites\amazingcollege\app\public\wp-blog-header.php(19): require_once('C:\\Users\\mdsha\\...')
#3 C:\Users\mdsha\Local Sites\amazingcollege\app\public\index.php(17): require('C:\\Users\\mdsha\\...')
#4 {main}
  thrown in C:\Users\mdsha\Local Sites\amazingcollege\app\public\wp-content\themes\fictional-university\front-page.php on line 28
[02-Feb-2022 10:24:41 UTC] PHP Fatal error:  Uncaught Exception: DateTime::__construct(): Failed to parse time string (18/02/2022) at position 0 (1): Unexpected character in C:\Users\mdsha\Local Sites\amazingcollege\app\public\wp-content\themes\fictional-university\front-page.php:28
Stack trace:
#0 C:\Users\mdsha\Local Sites\amazingcollege\app\public\wp-content\themes\fictional-university\front-page.php(28): DateTime->__construct('18/02/2022')
#1 C:\Users\mdsha\Local Sites\amazingcollege\app\public\wp-includes\template-loader.php(106): include('C:\\Users\\mdsha\\...')
#2 C:\Users\mdsha\Local Sites\amazingcollege\app\public\wp-blog-header.php(19): require_once('C:\\Users\\mdsha\\...')
#3 C:\Users\mdsha\Local Sites\amazingcollege\app\public\index.php(17): require('C:\\Users\\mdsha\\...')
#4 {main}
  thrown in C:\Users\mdsha\Local Sites\amazingcollege\app\public\wp-content\themes\fictional-university\front-page.php on line 28
[02-Feb-2022 10:25:10 UTC] PHP Fatal error:  Uncaught Error: Call to undefined function get_the_field() in C:\Users\mdsha\Local Sites\amazingcollege\app\public\wp-content\themes\fictional-university\front-page.php:28
Stack trace:
#0 C:\Users\mdsha\Local Sites\amazingcollege\app\public\wp-includes\template-loader.php(106): include()
#1 C:\Users\mdsha\Local Sites\amazingcollege\app\public\wp-blog-header.php(19): require_once('C:\\Users\\mdsha\\...')
#2 C:\Users\mdsha\Local Sites\amazingcollege\app\public\index.php(17): require('C:\\Users\\mdsha\\...')
#3 {main}
  thrown in C:\Users\mdsha\Local Sites\amazingcollege\app\public\wp-content\themes\fictional-university\front-page.php on line 28
[02-Feb-2022 10:25:32 UTC] PHP Fatal error:  Uncaught ArgumentCountError: Too few arguments to function the_field(), 0 passed in C:\Users\mdsha\Local Sites\amazingcollege\app\public\wp-content\themes\fictional-university\front-page.php on line 28 and at least 1 expected in C:\Users\mdsha\Local Sites\amazingcollege\app\public\wp-content\plugins\advanced-custom-fields\includes\api\api-template.php:75
Stack trace:
#0 C:\Users\mdsha\Local Sites\amazingcollege\app\public\wp-content\themes\fictional-university\front-page.php(28): the_field()
#1 C:\Users\mdsha\Local Sites\amazingcollege\app\public\wp-includes\template-loader.php(106): include('C:\\Users\\mdsha\\...')
#2 C:\Users\mdsha\Local Sites\amazingcollege\app\public\wp-blog-header.php(19): require_once('C:\\Users\\mdsha\\...')
#3 C:\Users\mdsha\Local Sites\amazingcollege\app\public\index.php(17): require('C:\\Users\\mdsha\\...')
#4 {main}
  thrown in C:\Users\mdsha\Local Sites\amazingcollege\app\public\wp-content\plugins\advanced-custom-fields\includes\api\api-template.php on line 75
[02-Feb-2022 10:25:46 UTC] PHP Parse error:  syntax error, unexpected ';', expecting ')' in C:\Users\mdsha\Local Sites\amazingcollege\app\public\wp-content\themes\fictional-university\front-page.php on line 28
[02-Feb-2022 10:26:59 UTC] PHP Fatal error:  Uncaught Exception: DateTime::__construct(): Failed to parse time string (18/02/2022) at position 0 (1): Unexpected character in C:\Users\mdsha\Local Sites\amazingcollege\app\public\wp-content\themes\fictional-university\front-page.php:28
Stack trace:
#0 C:\Users\mdsha\Local Sites\amazingcollege\app\public\wp-content\themes\fictional-university\front-page.php(28): DateTime->__construct('18/02/2022')
#1 C:\Users\mdsha\Local Sites\amazingcollege\app\public\wp-includes\template-loader.php(106): include('C:\\Users\\mdsha\\...')
#2 C:\Users\mdsha\Local Sites\amazingcollege\app\public\wp-blog-header.php(19): require_once('C:\\Users\\mdsha\\...')
#3 C:\Users\mdsha\Local Sites\amazingcollege\app\public\index.php(17): require('C:\\Users\\mdsha\\...')
#4 {main}
  thrown in C:\Users\mdsha\Local Sites\amazingcollege\app\public\wp-content\themes\fictional-university\front-page.php on line 28
[02-Feb-2022 10:35:39 UTC] PHP Fatal error:  Uncaught Exception: DateTime::__construct(): Failed to parse time string (18/02/2022) at position 0 (1): Unexpected character in C:\Users\mdsha\Local Sites\amazingcollege\app\public\wp-content\themes\fictional-university\front-page.php:28
Stack trace:
#0 C:\Users\mdsha\Local Sites\amazingcollege\app\public\wp-content\themes\fictional-university\front-page.php(28): DateTime->__construct('18/02/2022')
#1 C:\Users\mdsha\Local Sites\amazingcollege\app\public\wp-includes\template-loader.php(106): include('C:\\Users\\mdsha\\...')
#2 C:\Users\mdsha\Local Sites\amazingcollege\app\public\wp-blog-header.php(19): require_once('C:\\Users\\mdsha\\...')
#3 C:\Users\mdsha\Local Sites\amazingcollege\app\public\index.php(17): require('C:\\Users\\mdsha\\...')
#4 {main}
  thrown in C:\Users\mdsha\Local Sites\amazingcollege\app\public\wp-content\themes\fictional-university\front-page.php on line 28
[02-Feb-2022 10:36:41 UTC] PHP Fatal error:  Uncaught Exception: DateTime::__construct(): Failed to parse time string (18/02/2022) at position 0 (1): Unexpected character in C:\Users\mdsha\Local Sites\amazingcollege\app\public\wp-content\themes\fictional-university\front-page.php:28
Stack trace:
#0 C:\Users\mdsha\Local Sites\amazingcollege\app\public\wp-content\themes\fictional-university\front-page.php(28): DateTime->__construct('18/02/2022')
#1 C:\Users\mdsha\Local Sites\amazingcollege\app\public\wp-includes\template-loader.php(106): include('C:\\Users\\mdsha\\...')
#2 C:\Users\mdsha\Local Sites\amazingcollege\app\public\wp-blog-header.php(19): require_once('C:\\Users\\mdsha\\...')
#3 C:\Users\mdsha\Local Sites\amazingcollege\app\public\index.php(17): require('C:\\Users\\mdsha\\...')
#4 {main}
  thrown in C:\Users\mdsha\Local Sites\amazingcollege\app\public\wp-content\themes\fictional-university\front-page.php on line 28
[02-Feb-2022 10:37:32 UTC] PHP Fatal error:  Uncaught Exception: DateTime::__construct(): Failed to parse time string (18/02/2022) at position 0 (1): Unexpected character in C:\Users\mdsha\Local Sites\amazingcollege\app\public\wp-content\themes\fictional-university\front-page.php:28
Stack trace:
#0 C:\Users\mdsha\Local Sites\amazingcollege\app\public\wp-content\themes\fictional-university\front-page.php(28): DateTime->__construct('18/02/2022')
#1 C:\Users\mdsha\Local Sites\amazingcollege\app\public\wp-includes\template-loader.php(106): include('C:\\Users\\mdsha\\...')
#2 C:\Users\mdsha\Local Sites\amazingcollege\app\public\wp-blog-header.php(19): require_once('C:\\Users\\mdsha\\...')
#3 C:\Users\mdsha\Local Sites\amazingcollege\app\public\index.php(17): require('C:\\Users\\mdsha\\...')
#4 {main}
  thrown in C:\Users\mdsha\Local Sites\amazingcollege\app\public\wp-content\themes\fictional-university\front-page.php on line 28
[02-Feb-2022 10:47:09 UTC] PHP Warning:  An unexpected error occurred. Something may be wrong with WordPress.org or this server&#8217;s configuration. If you continue to have problems, please try the <a href="https://wordpress.org/support/forums/">support forums</a>. (WordPress could not establish a secure connection to WordPress.org. Please contact your server administrator.) in C:\Users\mdsha\Local Sites\amazingcollege\app\public\wp-admin\includes\translation-install.php on line 68
[02-Feb-2022 10:47:09 UTC] PHP Stack trace:
[02-Feb-2022 10:47:09 UTC] PHP   1. {main}() C:\Users\mdsha\Local Sites\amazingcollege\app\public\wp-admin\options-general.php:0
[02-Feb-2022 10:47:09 UTC] PHP   2. wp_get_available_translations() C:\Users\mdsha\Local Sites\amazingcollege\app\public\wp-admin\options-general.php:160
[02-Feb-2022 10:47:09 UTC] PHP   3. translations_api() C:\Users\mdsha\Local Sites\amazingcollege\app\public\wp-admin\includes\translation-install.php:133
[02-Feb-2022 10:47:09 UTC] PHP   4. trigger_error() C:\Users\mdsha\Local Sites\amazingcollege\app\public\wp-admin\includes\translation-install.php:68
[03-Feb-2022 05:04:58 UTC] PHP Fatal error:  Uncaught Error: Call to undefined function get_header() in C:\Users\mdsha\Local Sites\amazingcollege\app\public\wp-content\themes\fictional-university\index.php:2
Stack trace:
#0 {main}
  thrown in C:\Users\mdsha\Local Sites\amazingcollege\app\public\wp-content\themes\fictional-university\index.php on line 2
[03-Feb-2022 05:05:04 UTC] PHP Fatal error:  Uncaught Error: Call to undefined function get_header() in C:\Users\mdsha\Local Sites\amazingcollege\app\public\wp-content\themes\fictional-university\index.php:2
Stack trace:
#0 {main}
  thrown in C:\Users\mdsha\Local Sites\amazingcollege\app\public\wp-content\themes\fictional-university\index.php on line 2
[03-Feb-2022 05:06:45 UTC] PHP Fatal error:  Uncaught Error: Call to undefined function get_header() in C:\Users\mdsha\Local Sites\amazingcollege\app\public\wp-content\themes\fictional-university\index.php:2
Stack trace:
#0 {main}
  thrown in C:\Users\mdsha\Local Sites\amazingcollege\app\public\wp-content\themes\fictional-university\index.php on line 2
[03-Feb-2022 06:08:03 UTC] PHP Parse error:  syntax error, unexpected '1' (T_LNUMBER), expecting ')' in C:\Users\mdsha\Local Sites\amazingcollege\app\public\wp-content\themes\fictional-university\page-past-events.php on line 17
[03-Feb-2022 06:28:09 UTC] PHP Fatal error:  Uncaught Error: Call to a member function have_posts() on null in C:\Users\mdsha\Local Sites\amazingcollege\app\public\wp-content\themes\fictional-university\archive-event.php:31
Stack trace:
#0 C:\Users\mdsha\Local Sites\amazingcollege\app\public\wp-includes\template-loader.php(106): include()
#1 C:\Users\mdsha\Local Sites\amazingcollege\app\public\wp-blog-header.php(19): require_once('C:\\Users\\mdsha\\...')
#2 C:\Users\mdsha\Local Sites\amazingcollege\app\public\index.php(17): require('C:\\Users\\mdsha\\...')
#3 {main}
  thrown in C:\Users\mdsha\Local Sites\amazingcollege\app\public\wp-content\themes\fictional-university\archive-event.php on line 31
[03-Feb-2022 06:44:22 UTC] PHP Parse error:  syntax error, unexpected 'is' (T_STRING) in C:\Users\mdsha\Local Sites\amazingcollege\app\public\wp-content\themes\fictional-university\functions.php on line 19
[03-Feb-2022 06:44:24 UTC] PHP Parse error:  syntax error, unexpected 'is' (T_STRING) in C:\Users\mdsha\Local Sites\amazingcollege\app\public\wp-content\themes\fictional-university\functions.php on line 19
[03-Feb-2022 06:46:24 UTC] PHP Parse error:  syntax error, unexpected 'is' (T_STRING) in C:\Users\mdsha\Local Sites\amazingcollege\app\public\wp-content\themes\fictional-university\functions.php on line 26
[03-Feb-2022 06:46:26 UTC] PHP Parse error:  syntax error, unexpected 'is' (T_STRING) in C:\Users\mdsha\Local Sites\amazingcollege\app\public\wp-content\themes\fictional-university\functions.php on line 26
[03-Feb-2022 06:51:37 UTC] PHP Parse error:  syntax error, unexpected '}' in C:\Users\mdsha\Local Sites\amazingcollege\app\public\wp-content\themes\fictional-university\functions.php on line 39
[03-Feb-2022 06:51:38 UTC] PHP Parse error:  syntax error, unexpected '}' in C:\Users\mdsha\Local Sites\amazingcollege\app\public\wp-content\themes\fictional-university\functions.php on line 39
[03-Feb-2022 09:49:29 UTC] PHP Parse error:  syntax error, unexpected '}', expecting end of file in C:\Users\mdsha\Local Sites\amazingcollege\app\public\wp-content\themes\fictional-university\functions.php on line 48
[03-Feb-2022 09:49:31 UTC] PHP Parse error:  syntax error, unexpected '}', expecting end of file in C:\Users\mdsha\Local Sites\amazingcollege\app\public\wp-content\themes\fictional-university\functions.php on line 48
[03-Feb-2022 09:49:53 UTC] PHP Parse error:  syntax error, unexpected '}' in C:\Users\mdsha\Local Sites\amazingcollege\app\public\wp-content\themes\fictional-university\functions.php on line 31
[03-Feb-2022 09:49:54 UTC] PHP Parse error:  syntax error, unexpected '}' in C:\Users\mdsha\Local Sites\amazingcollege\app\public\wp-content\themes\fictional-university\functions.php on line 31
[03-Feb-2022 09:50:39 UTC] PHP Parse error:  syntax error, unexpected '}' in C:\Users\mdsha\Local Sites\amazingcollege\app\public\wp-content\themes\fictional-university\functions.php on line 31
[03-Feb-2022 09:50:41 UTC] PHP Parse error:  syntax error, unexpected '}' in C:\Users\mdsha\Local Sites\amazingcollege\app\public\wp-content\themes\fictional-university\functions.php on line 31
[03-Feb-2022 09:51:00 UTC] PHP Parse error:  syntax error, unexpected '}', expecting end of file in C:\Users\mdsha\Local Sites\amazingcollege\app\public\wp-content\themes\fictional-university\functions.php on line 48
[03-Feb-2022 09:51:01 UTC] PHP Parse error:  syntax error, unexpected '}', expecting end of file in C:\Users\mdsha\Local Sites\amazingcollege\app\public\wp-content\themes\fictional-university\functions.php on line 48
[03-Feb-2022 09:51:46 UTC] PHP Parse error:  syntax error, unexpected '}' in C:\Users\mdsha\Local Sites\amazingcollege\app\public\wp-content\themes\fictional-university\functions.php on line 31
[03-Feb-2022 09:51:48 UTC] PHP Parse error:  syntax error, unexpected '}' in C:\Users\mdsha\Local Sites\amazingcollege\app\public\wp-content\themes\fictional-university\functions.php on line 31
[03-Feb-2022 10:48:51 UTC] PHP Parse error:  syntax error, unexpected '<' in C:\Users\mdsha\Local Sites\amazingcollege\app\public\wp-content\themes\fictional-university\single-event.php on line 28
[03-Feb-2022 10:49:19 UTC] PHP Parse error:  syntax error, unexpected 'link' (T_STRING), expecting ';' or ',' in C:\Users\mdsha\Local Sites\amazingcollege\app\public\wp-content\themes\fictional-university\single-event.php on line 28
[03-Feb-2022 10:49:50 UTC] PHP Parse error:  syntax error, unexpected 'foreach' (T_FOREACH), expecting ';' or ',' in C:\Users\mdsha\Local Sites\amazingcollege\app\public\wp-content\themes\fictional-university\single-event.php on line 29
[03-Feb-2022 10:50:25 UTC] PHP Parse error:  syntax error, unexpected 'foreach' (T_FOREACH), expecting ';' or ',' in C:\Users\mdsha\Local Sites\amazingcollege\app\public\wp-content\themes\fictional-university\single-event.php on line 29
[03-Feb-2022 10:51:08 UTC] PHP Parse error:  syntax error, unexpected 'foreach' (T_FOREACH), expecting ';' or ',' in C:\Users\mdsha\Local Sites\amazingcollege\app\public\wp-content\themes\fictional-university\single-event.php on line 29
[03-Feb-2022 10:51:39 UTC] PHP Parse error:  syntax error, unexpected 'foreach' (T_FOREACH), expecting ';' or ',' in C:\Users\mdsha\Local Sites\amazingcollege\app\public\wp-content\themes\fictional-university\single-event.php on line 28
[03-Feb-2022 10:53:05 UTC] PHP Parse error:  syntax error, unexpected 'foreach' (T_FOREACH), expecting ';' or ',' in C:\Users\mdsha\Local Sites\amazingcollege\app\public\wp-content\themes\fictional-university\single-event.php on line 28
[03-Feb-2022 10:53:35 UTC] PHP Parse error:  syntax error, unexpected 'foreach' (T_FOREACH), expecting ';' or ',' in C:\Users\mdsha\Local Sites\amazingcollege\app\public\wp-content\themes\fictional-university\single-event.php on line 28
[03-Feb-2022 10:54:48 UTC] PHP Parse error:  syntax error, unexpected 'foreach' (T_FOREACH), expecting ';' or ',' in C:\Users\mdsha\Local Sites\amazingcollege\app\public\wp-content\themes\fictional-university\single-event.php on line 28
[03-Feb-2022 11:08:16 UTC] PHP Parse error:  syntax error, unexpected 'get_the_ID' (T_STRING), expecting ')' in C:\Users\mdsha\Local Sites\amazingcollege\app\public\wp-content\themes\fictional-university\single-program.php on line 43
[03-Feb-2022 11:08:28 UTC] PHP Parse error:  syntax error, unexpected 'get_the_ID' (T_STRING), expecting ')' in C:\Users\mdsha\Local Sites\amazingcollege\app\public\wp-content\themes\fictional-university\single-program.php on line 43
[03-Feb-2022 11:08:40 UTC] PHP Parse error:  syntax error, unexpected 'get_the_ID' (T_STRING), expecting ')' in C:\Users\mdsha\Local Sites\amazingcollege\app\public\wp-content\themes\fictional-university\single-program.php on line 43
[03-Feb-2022 11:08:53 UTC] PHP Parse error:  syntax error, unexpected 'get_the_ID' (T_STRING), expecting ')' in C:\Users\mdsha\Local Sites\amazingcollege\app\public\wp-content\themes\fictional-university\single-program.php on line 43
[03-Feb-2022 11:09:03 UTC] PHP Parse error:  syntax error, unexpected 'get_the_ID' (T_STRING), expecting ')' in C:\Users\mdsha\Local Sites\amazingcollege\app\public\wp-content\themes\fictional-university\single-program.php on line 43
[03-Feb-2022 11:14:44 UTC] PHP Parse error:  syntax error, unexpected 'Upcoming' (T_STRING), expecting ';' or ',' in C:\Users\mdsha\Local Sites\amazingcollege\app\public\wp-content\themes\fictional-university\single-program.php on line 48
[03-Feb-2022 11:15:04 UTC] PHP Parse error:  syntax error, unexpected 'Upcoming' (T_STRING), expecting ';' or ',' in C:\Users\mdsha\Local Sites\amazingcollege\app\public\wp-content\themes\fictional-university\single-program.php on line 48
[03-Feb-2022 11:15:19 UTC] PHP Parse error:  syntax error, unexpected 'Upcoming' (T_STRING), expecting ';' or ',' in C:\Users\mdsha\Local Sites\amazingcollege\app\public\wp-content\themes\fictional-university\single-program.php on line 48
[03-Feb-2022 11:20:31 UTC] PHP Parse error:  syntax error, unexpected '.' in C:\Users\mdsha\Local Sites\amazingcollege\app\public\wp-content\themes\fictional-university\single-program.php on line 48
[03-Feb-2022 11:26:32 UTC] PHP Parse error:  syntax error, unexpected 'echo' (T_ECHO) in C:\Users\mdsha\Local Sites\amazingcollege\app\public\wp-content\themes\fictional-university\single-program.php on line 48
[03-Feb-2022 11:29:24 UTC] PHP Warning:  Invalid argument supplied for foreach() in C:\Users\mdsha\Local Sites\amazingcollege\app\public\wp-content\themes\fictional-university\single-event.php on line 30
[03-Feb-2022 11:29:24 UTC] PHP Stack trace:
[03-Feb-2022 11:29:24 UTC] PHP   1. {main}() C:\Users\mdsha\Local Sites\amazingcollege\app\public\index.php:0
[03-Feb-2022 11:29:24 UTC] PHP   2. require() C:\Users\mdsha\Local Sites\amazingcollege\app\public\index.php:17
[03-Feb-2022 11:29:24 UTC] PHP   3. require_once() C:\Users\mdsha\Local Sites\amazingcollege\app\public\wp-blog-header.php:19
[03-Feb-2022 11:29:24 UTC] PHP   4. include() C:\Users\mdsha\Local Sites\amazingcollege\app\public\wp-includes\template-loader.php:106
[03-Feb-2022 11:31:20 UTC] PHP Warning:  Invalid argument supplied for foreach() in C:\Users\mdsha\Local Sites\amazingcollege\app\public\wp-content\themes\fictional-university\single-event.php on line 30
[03-Feb-2022 11:31:20 UTC] PHP Stack trace:
[03-Feb-2022 11:31:20 UTC] PHP   1. {main}() C:\Users\mdsha\Local Sites\amazingcollege\app\public\index.php:0
[03-Feb-2022 11:31:20 UTC] PHP   2. require() C:\Users\mdsha\Local Sites\amazingcollege\app\public\index.php:17
[03-Feb-2022 11:31:20 UTC] PHP   3. require_once() C:\Users\mdsha\Local Sites\amazingcollege\app\public\wp-blog-header.php:19
[03-Feb-2022 11:31:20 UTC] PHP   4. include() C:\Users\mdsha\Local Sites\amazingcollege\app\public\wp-includes\template-loader.php:106
[03-Feb-2022 11:31:41 UTC] PHP Warning:  Invalid argument supplied for foreach() in C:\Users\mdsha\Local Sites\amazingcollege\app\public\wp-content\themes\fictional-university\single-event.php on line 30
[03-Feb-2022 11:31:41 UTC] PHP Stack trace:
[03-Feb-2022 11:31:41 UTC] PHP   1. {main}() C:\Users\mdsha\Local Sites\amazingcollege\app\public\index.php:0
[03-Feb-2022 11:31:41 UTC] PHP   2. require() C:\Users\mdsha\Local Sites\amazingcollege\app\public\index.php:17
[03-Feb-2022 11:31:41 UTC] PHP   3. require_once() C:\Users\mdsha\Local Sites\amazingcollege\app\public\wp-blog-header.php:19
[03-Feb-2022 11:31:41 UTC] PHP   4. include() C:\Users\mdsha\Local Sites\amazingcollege\app\public\wp-includes\template-loader.php:106
[03-Feb-2022 11:32:35 UTC] PHP Parse error:  syntax error, unexpected '->' (T_OBJECT_OPERATOR) in C:\Users\mdsha\Local Sites\amazingcollege\app\public\wp-content\themes\fictional-university\single-program.php on line 47
[03-Feb-2022 11:33:03 UTC] PHP Parse error:  syntax error, unexpected ';' in C:\Users\mdsha\Local Sites\amazingcollege\app\public\wp-content\themes\fictional-university\single-program.php on line 47
[03-Feb-2022 11:37:17 UTC] PHP Parse error:  syntax error, unexpected 'echo' (T_ECHO) in C:\Users\mdsha\Local Sites\amazingcollege\app\public\wp-content\themes\fictional-university\header.php on line 27
[03-Feb-2022 11:59:35 UTC] PHP Warning:  Invalid argument supplied for foreach() in C:\Users\mdsha\Local Sites\amazingcollege\app\public\wp-content\themes\fictional-university\single-professor.php on line 30
[03-Feb-2022 11:59:35 UTC] PHP Stack trace:
[03-Feb-2022 11:59:35 UTC] PHP   1. {main}() C:\Users\mdsha\Local Sites\amazingcollege\app\public\index.php:0
[03-Feb-2022 11:59:35 UTC] PHP   2. require() C:\Users\mdsha\Local Sites\amazingcollege\app\public\index.php:17
[03-Feb-2022 11:59:35 UTC] PHP   3. require_once() C:\Users\mdsha\Local Sites\amazingcollege\app\public\wp-blog-header.php:19
[03-Feb-2022 11:59:35 UTC] PHP   4. include() C:\Users\mdsha\Local Sites\amazingcollege\app\public\wp-includes\template-loader.php:106
[03-Feb-2022 12:21:42 UTC] PHP Fatal error:  Uncaught Error: Call to undefined function wp_reset_post_data() in C:\Users\mdsha\Local Sites\amazingcollege\app\public\wp-content\themes\fictional-university\single-program.php:51
Stack trace:
#0 C:\Users\mdsha\Local Sites\amazingcollege\app\public\wp-includes\template-loader.php(106): include()
#1 C:\Users\mdsha\Local Sites\amazingcollege\app\public\wp-blog-header.php(19): require_once('C:\\Users\\mdsha\\...')
#2 C:\Users\mdsha\Local Sites\amazingcollege\app\public\index.php(17): require('C:\\Users\\mdsha\\...')
#3 {main}
  thrown in C:\Users\mdsha\Local Sites\amazingcollege\app\public\wp-content\themes\fictional-university\single-program.php on line 51
[03-Feb-2022 12:26:14 UTC] PHP Parse error:  syntax error, unexpected '$today' (T_VARIABLE) in C:\Users\mdsha\Local Sites\amazingcollege\app\public\wp-content\themes\fictional-university\single-program.php on line 51
[03-Feb-2022 12:27:39 UTC] PHP Parse error:  syntax error, unexpected '$relaedProfessors' (T_VARIABLE) in C:\Users\mdsha\Local Sites\amazingcollege\app\public\wp-content\themes\fictional-university\single-program.php on line 28
[03-Feb-2022 15:52:55 UTC] PHP Warning:  Invalid argument supplied for foreach() in C:\Users\mdsha\Local Sites\amazingcollege\app\public\wp-content\themes\fictional-university\single-event.php on line 30
[03-Feb-2022 15:52:55 UTC] PHP Stack trace:
[03-Feb-2022 15:52:55 UTC] PHP   1. {main}() C:\Users\mdsha\Local Sites\amazingcollege\app\public\index.php:0
[03-Feb-2022 15:52:55 UTC] PHP   2. require() C:\Users\mdsha\Local Sites\amazingcollege\app\public\index.php:17
[03-Feb-2022 15:52:55 UTC] PHP   3. require_once() C:\Users\mdsha\Local Sites\amazingcollege\app\public\wp-blog-header.php:19
[03-Feb-2022 15:52:55 UTC] PHP   4. include() C:\Users\mdsha\Local Sites\amazingcollege\app\public\wp-includes\template-loader.php:106
[04-Feb-2022 17:15:21 UTC] PHP Parse error:  syntax error, unexpected ':', expecting ')' in C:\Users\mdsha\Local Sites\amazingcollege\app\public\wp-content\themes\fictional-university\page.php on line 6
[04-Feb-2022 17:23:29 UTC] PHP Parse error:  syntax error, unexpected ';' in C:\Users\mdsha\Local Sites\amazingcollege\app\public\wp-content\themes\fictional-university\functions.php on line 5
[04-Feb-2022 17:23:31 UTC] PHP Parse error:  syntax error, unexpected ';' in C:\Users\mdsha\Local Sites\amazingcollege\app\public\wp-content\themes\fictional-university\functions.php on line 5
[04-Feb-2022 17:23:57 UTC] PHP Parse error:  syntax error, unexpected ';' in C:\Users\mdsha\Local Sites\amazingcollege\app\public\wp-content\themes\fictional-university\functions.php on line 5
[04-Feb-2022 17:23:58 UTC] PHP Parse error:  syntax error, unexpected ';' in C:\Users\mdsha\Local Sites\amazingcollege\app\public\wp-content\themes\fictional-university\functions.php on line 5
[04-Feb-2022 17:24:14 UTC] PHP Parse error:  syntax error, unexpected 'if' (T_IF) in C:\Users\mdsha\Local Sites\amazingcollege\app\public\wp-content\themes\fictional-university\functions.php on line 7
[04-Feb-2022 17:24:15 UTC] PHP Parse error:  syntax error, unexpected 'if' (T_IF) in C:\Users\mdsha\Local Sites\amazingcollege\app\public\wp-content\themes\fictional-university\functions.php on line 7
[04-Feb-2022 17:24:58 UTC] PHP Warning:  Use of undefined constant args - assumed 'args' (this will throw an Error in a future version of PHP) in C:\Users\mdsha\Local Sites\amazingcollege\app\public\wp-content\themes\fictional-university\functions.php on line 4
[04-Feb-2022 17:24:58 UTC] PHP Stack trace:
[04-Feb-2022 17:24:58 UTC] PHP   1. {main}() C:\Users\mdsha\Local Sites\amazingcollege\app\public\index.php:0
[04-Feb-2022 17:24:58 UTC] PHP   2. require() C:\Users\mdsha\Local Sites\amazingcollege\app\public\index.php:17
[04-Feb-2022 17:24:58 UTC] PHP   3. require_once() C:\Users\mdsha\Local Sites\amazingcollege\app\public\wp-blog-header.php:19
[04-Feb-2022 17:24:58 UTC] PHP   4. include() C:\Users\mdsha\Local Sites\amazingcollege\app\public\wp-includes\template-loader.php:106
[04-Feb-2022 17:24:58 UTC] PHP   5. page_banner() C:\Users\mdsha\Local Sites\amazingcollege\app\public\wp-content\themes\fictional-university\page.php:6
[04-Feb-2022 17:24:58 UTC] PHP Warning:  Use of undefined constant title - assumed 'title' (this will throw an Error in a future version of PHP) in C:\Users\mdsha\Local Sites\amazingcollege\app\public\wp-content\themes\fictional-university\functions.php on line 4
[04-Feb-2022 17:24:58 UTC] PHP Stack trace:
[04-Feb-2022 17:24:58 UTC] PHP   1. {main}() C:\Users\mdsha\Local Sites\amazingcollege\app\public\index.php:0
[04-Feb-2022 17:24:58 UTC] PHP   2. require() C:\Users\mdsha\Local Sites\amazingcollege\app\public\index.php:17
[04-Feb-2022 17:24:58 UTC] PHP   3. require_once() C:\Users\mdsha\Local Sites\amazingcollege\app\public\wp-blog-header.php:19
[04-Feb-2022 17:24:58 UTC] PHP   4. include() C:\Users\mdsha\Local Sites\amazingcollege\app\public\wp-includes\template-loader.php:106
[04-Feb-2022 17:24:58 UTC] PHP   5. page_banner() C:\Users\mdsha\Local Sites\amazingcollege\app\public\wp-content\themes\fictional-university\page.php:6
[04-Feb-2022 17:24:58 UTC] PHP Warning:  Illegal string offset 'title' in C:\Users\mdsha\Local Sites\amazingcollege\app\public\wp-content\themes\fictional-university\functions.php on line 4
[04-Feb-2022 17:24:58 UTC] PHP Stack trace:
[04-Feb-2022 17:24:58 UTC] PHP   1. {main}() C:\Users\mdsha\Local Sites\amazingcollege\app\public\index.php:0
[04-Feb-2022 17:24:58 UTC] PHP   2. require() C:\Users\mdsha\Local Sites\amazingcollege\app\public\index.php:17
[04-Feb-2022 17:24:58 UTC] PHP   3. require_once() C:\Users\mdsha\Local Sites\amazingcollege\app\public\wp-blog-header.php:19
[04-Feb-2022 17:24:58 UTC] PHP   4. include() C:\Users\mdsha\Local Sites\amazingcollege\app\public\wp-includes\template-loader.php:106
[04-Feb-2022 17:24:58 UTC] PHP   5. page_banner() C:\Users\mdsha\Local Sites\amazingcollege\app\public\wp-content\themes\fictional-university\page.php:6
[04-Feb-2022 17:24:58 UTC] PHP Warning:  Use of undefined constant args - assumed 'args' (this will throw an Error in a future version of PHP) in C:\Users\mdsha\Local Sites\amazingcollege\app\public\wp-content\themes\fictional-university\functions.php on line 7
[04-Feb-2022 17:24:58 UTC] PHP Stack trace:
[04-Feb-2022 17:24:58 UTC] PHP   1. {main}() C:\Users\mdsha\Local Sites\amazingcollege\app\public\index.php:0
[04-Feb-2022 17:24:58 UTC] PHP   2. require() C:\Users\mdsha\Local Sites\amazingcollege\app\public\index.php:17
[04-Feb-2022 17:24:58 UTC] PHP   3. require_once() C:\Users\mdsha\Local Sites\amazingcollege\app\public\wp-blog-header.php:19
[04-Feb-2022 17:24:58 UTC] PHP   4. include() C:\Users\mdsha\Local Sites\amazingcollege\app\public\wp-includes\template-loader.php:106
[04-Feb-2022 17:24:58 UTC] PHP   5. page_banner() C:\Users\mdsha\Local Sites\amazingcollege\app\public\wp-content\themes\fictional-university\page.php:6
[04-Feb-2022 17:24:58 UTC] PHP Warning:  Use of undefined constant subtitle - assumed 'subtitle' (this will throw an Error in a future version of PHP) in C:\Users\mdsha\Local Sites\amazingcollege\app\public\wp-content\themes\fictional-university\functions.php on line 7
[04-Feb-2022 17:24:58 UTC] PHP Stack trace:
[04-Feb-2022 17:24:58 UTC] PHP   1. {main}() C:\Users\mdsha\Local Sites\amazingcollege\app\public\index.php:0
[04-Feb-2022 17:24:58 UTC] PHP   2. require() C:\Users\mdsha\Local Sites\amazingcollege\app\public\index.php:17
[04-Feb-2022 17:24:58 UTC] PHP   3. require_once() C:\Users\mdsha\Local Sites\amazingcollege\app\public\wp-blog-header.php:19
[04-Feb-2022 17:24:58 UTC] PHP   4. include() C:\Users\mdsha\Local Sites\amazingcollege\app\public\wp-includes\template-loader.php:106
[04-Feb-2022 17:24:58 UTC] PHP   5. page_banner() C:\Users\mdsha\Local Sites\amazingcollege\app\public\wp-content\themes\fictional-university\page.php:6
[04-Feb-2022 17:24:58 UTC] PHP Warning:  Illegal string offset 'subtitle' in C:\Users\mdsha\Local Sites\amazingcollege\app\public\wp-content\themes\fictional-university\functions.php on line 7
[04-Feb-2022 17:24:58 UTC] PHP Stack trace:
[04-Feb-2022 17:24:58 UTC] PHP   1. {main}() C:\Users\mdsha\Local Sites\amazingcollege\app\public\index.php:0
[04-Feb-2022 17:24:58 UTC] PHP   2. require() C:\Users\mdsha\Local Sites\amazingcollege\app\public\index.php:17
[04-Feb-2022 17:24:58 UTC] PHP   3. require_once() C:\Users\mdsha\Local Sites\amazingcollege\app\public\wp-blog-header.php:19
[04-Feb-2022 17:24:58 UTC] PHP   4. include() C:\Users\mdsha\Local Sites\amazingcollege\app\public\wp-includes\template-loader.php:106
[04-Feb-2022 17:24:58 UTC] PHP   5. page_banner() C:\Users\mdsha\Local Sites\amazingcollege\app\public\wp-content\themes\fictional-university\page.php:6
[04-Feb-2022 17:25:04 UTC] PHP Warning:  Use of undefined constant args - assumed 'args' (this will throw an Error in a future version of PHP) in C:\Users\mdsha\Local Sites\amazingcollege\app\public\wp-content\themes\fictional-university\functions.php on line 4
[04-Feb-2022 17:25:04 UTC] PHP Stack trace:
[04-Feb-2022 17:25:04 UTC] PHP   1. {main}() C:\Users\mdsha\Local Sites\amazingcollege\app\public\index.php:0
[04-Feb-2022 17:25:04 UTC] PHP   2. require() C:\Users\mdsha\Local Sites\amazingcollege\app\public\index.php:17
[04-Feb-2022 17:25:04 UTC] PHP   3. require_once() C:\Users\mdsha\Local Sites\amazingcollege\app\public\wp-blog-header.php:19
[04-Feb-2022 17:25:04 UTC] PHP   4. include() C:\Users\mdsha\Local Sites\amazingcollege\app\public\wp-includes\template-loader.php:106
[04-Feb-2022 17:25:04 UTC] PHP   5. page_banner() C:\Users\mdsha\Local Sites\amazingcollege\app\public\wp-content\themes\fictional-university\page.php:6
[04-Feb-2022 17:25:04 UTC] PHP Warning:  Use of undefined constant title - assumed 'title' (this will throw an Error in a future version of PHP) in C:\Users\mdsha\Local Sites\amazingcollege\app\public\wp-content\themes\fictional-university\functions.php on line 4
[04-Feb-2022 17:25:04 UTC] PHP Stack trace:
[04-Feb-2022 17:25:04 UTC] PHP   1. {main}() C:\Users\mdsha\Local Sites\amazingcollege\app\public\index.php:0
[04-Feb-2022 17:25:04 UTC] PHP   2. require() C:\Users\mdsha\Local Sites\amazingcollege\app\public\index.php:17
[04-Feb-2022 17:25:04 UTC] PHP   3. require_once() C:\Users\mdsha\Local Sites\amazingcollege\app\public\wp-blog-header.php:19
[04-Feb-2022 17:25:04 UTC] PHP   4. include() C:\Users\mdsha\Local Sites\amazingcollege\app\public\wp-includes\template-loader.php:106
[04-Feb-2022 17:25:04 UTC] PHP   5. page_banner() C:\Users\mdsha\Local Sites\amazingcollege\app\public\wp-content\themes\fictional-university\page.php:6
[04-Feb-2022 17:25:04 UTC] PHP Warning:  Illegal string offset 'title' in C:\Users\mdsha\Local Sites\amazingcollege\app\public\wp-content\themes\fictional-university\functions.php on line 4
[04-Feb-2022 17:25:04 UTC] PHP Stack trace:
[04-Feb-2022 17:25:04 UTC] PHP   1. {main}() C:\Users\mdsha\Local Sites\amazingcollege\app\public\index.php:0
[04-Feb-2022 17:25:04 UTC] PHP   2. require() C:\Users\mdsha\Local Sites\amazingcollege\app\public\index.php:17
[04-Feb-2022 17:25:04 UTC] PHP   3. require_once() C:\Users\mdsha\Local Sites\amazingcollege\app\public\wp-blog-header.php:19
[04-Feb-2022 17:25:04 UTC] PHP   4. include() C:\Users\mdsha\Local Sites\amazingcollege\app\public\wp-includes\template-loader.php:106
[04-Feb-2022 17:25:04 UTC] PHP   5. page_banner() C:\Users\mdsha\Local Sites\amazingcollege\app\public\wp-content\themes\fictional-university\page.php:6
[04-Feb-2022 17:25:04 UTC] PHP Warning:  Use of undefined constant args - assumed 'args' (this will throw an Error in a future version of PHP) in C:\Users\mdsha\Local Sites\amazingcollege\app\public\wp-content\themes\fictional-university\functions.php on line 7
[04-Feb-2022 17:25:04 UTC] PHP Stack trace:
[04-Feb-2022 17:25:04 UTC] PHP   1. {main}() C:\Users\mdsha\Local Sites\amazingcollege\app\public\index.php:0
[04-Feb-2022 17:25:04 UTC] PHP   2. require() C:\Users\mdsha\Local Sites\amazingcollege\app\public\index.php:17
[04-Feb-2022 17:25:04 UTC] PHP   3. require_once() C:\Users\mdsha\Local Sites\amazingcollege\app\public\wp-blog-header.php:19
[04-Feb-2022 17:25:04 UTC] PHP   4. include() C:\Users\mdsha\Local Sites\amazingcollege\app\public\wp-includes\template-loader.php:106
[04-Feb-2022 17:25:04 UTC] PHP   5. page_banner() C:\Users\mdsha\Local Sites\amazingcollege\app\public\wp-content\themes\fictional-university\page.php:6
[04-Feb-2022 17:25:04 UTC] PHP Warning:  Use of undefined constant subtitle - assumed 'subtitle' (this will throw an Error in a future version of PHP) in C:\Users\mdsha\Local Sites\amazingcollege\app\public\wp-content\themes\fictional-university\functions.php on line 7
[04-Feb-2022 17:25:04 UTC] PHP Stack trace:
[04-Feb-2022 17:25:04 UTC] PHP   1. {main}() C:\Users\mdsha\Local Sites\amazingcollege\app\public\index.php:0
[04-Feb-2022 17:25:04 UTC] PHP   2. require() C:\Users\mdsha\Local Sites\amazingcollege\app\public\index.php:17
[04-Feb-2022 17:25:04 UTC] PHP   3. require_once() C:\Users\mdsha\Local Sites\amazingcollege\app\public\wp-blog-header.php:19
[04-Feb-2022 17:25:04 UTC] PHP   4. include() C:\Users\mdsha\Local Sites\amazingcollege\app\public\wp-includes\template-loader.php:106
[04-Feb-2022 17:25:04 UTC] PHP   5. page_banner() C:\Users\mdsha\Local Sites\amazingcollege\app\public\wp-content\themes\fictional-university\page.php:6
[04-Feb-2022 17:25:04 UTC] PHP Warning:  Illegal string offset 'subtitle' in C:\Users\mdsha\Local Sites\amazingcollege\app\public\wp-content\themes\fictional-university\functions.php on line 7
[04-Feb-2022 17:25:04 UTC] PHP Stack trace:
[04-Feb-2022 17:25:04 UTC] PHP   1. {main}() C:\Users\mdsha\Local Sites\amazingcollege\app\public\index.php:0
[04-Feb-2022 17:25:04 UTC] PHP   2. require() C:\Users\mdsha\Local Sites\amazingcollege\app\public\index.php:17
[04-Feb-2022 17:25:04 UTC] PHP   3. require_once() C:\Users\mdsha\Local Sites\amazingcollege\app\public\wp-blog-header.php:19
[04-Feb-2022 17:25:04 UTC] PHP   4. include() C:\Users\mdsha\Local Sites\amazingcollege\app\public\wp-includes\template-loader.php:106
[04-Feb-2022 17:25:04 UTC] PHP   5. page_banner() C:\Users\mdsha\Local Sites\amazingcollege\app\public\wp-content\themes\fictional-university\page.php:6
[04-Feb-2022 17:26:08 UTC] PHP Warning:  Use of undefined constant args - assumed 'args' (this will throw an Error in a future version of PHP) in C:\Users\mdsha\Local Sites\amazingcollege\app\public\wp-content\themes\fictional-university\functions.php on line 4
[04-Feb-2022 17:26:08 UTC] PHP Stack trace:
[04-Feb-2022 17:26:08 UTC] PHP   1. {main}() C:\Users\mdsha\Local Sites\amazingcollege\app\public\index.php:0
[04-Feb-2022 17:26:08 UTC] PHP   2. require() C:\Users\mdsha\Local Sites\amazingcollege\app\public\index.php:17
[04-Feb-2022 17:26:08 UTC] PHP   3. require_once() C:\Users\mdsha\Local Sites\amazingcollege\app\public\wp-blog-header.php:19
[04-Feb-2022 17:26:08 UTC] PHP   4. include() C:\Users\mdsha\Local Sites\amazingcollege\app\public\wp-includes\template-loader.php:106
[04-Feb-2022 17:26:08 UTC] PHP   5. page_banner() C:\Users\mdsha\Local Sites\amazingcollege\app\public\wp-content\themes\fictional-university\page.php:6
[04-Feb-2022 17:26:08 UTC] PHP Warning:  Use of undefined constant title - assumed 'title' (this will throw an Error in a future version of PHP) in C:\Users\mdsha\Local Sites\amazingcollege\app\public\wp-content\themes\fictional-university\functions.php on line 4
[04-Feb-2022 17:26:08 UTC] PHP Stack trace:
[04-Feb-2022 17:26:08 UTC] PHP   1. {main}() C:\Users\mdsha\Local Sites\amazingcollege\app\public\index.php:0
[04-Feb-2022 17:26:08 UTC] PHP   2. require() C:\Users\mdsha\Local Sites\amazingcollege\app\public\index.php:17
[04-Feb-2022 17:26:08 UTC] PHP   3. require_once() C:\Users\mdsha\Local Sites\amazingcollege\app\public\wp-blog-header.php:19
[04-Feb-2022 17:26:08 UTC] PHP   4. include() C:\Users\mdsha\Local Sites\amazingcollege\app\public\wp-includes\template-loader.php:106
[04-Feb-2022 17:26:08 UTC] PHP   5. page_banner() C:\Users\mdsha\Local Sites\amazingcollege\app\public\wp-content\themes\fictional-university\page.php:6
[04-Feb-2022 17:26:08 UTC] PHP Warning:  Illegal string offset 'title' in C:\Users\mdsha\Local Sites\amazingcollege\app\public\wp-content\themes\fictional-university\functions.php on line 4
[04-Feb-2022 17:26:08 UTC] PHP Stack trace:
[04-Feb-2022 17:26:08 UTC] PHP   1. {main}() C:\Users\mdsha\Local Sites\amazingcollege\app\public\index.php:0
[04-Feb-2022 17:26:08 UTC] PHP   2. require() C:\Users\mdsha\Local Sites\amazingcollege\app\public\index.php:17
[04-Feb-2022 17:26:08 UTC] PHP   3. require_once() C:\Users\mdsha\Local Sites\amazingcollege\app\public\wp-blog-header.php:19
[04-Feb-2022 17:26:08 UTC] PHP   4. include() C:\Users\mdsha\Local Sites\amazingcollege\app\public\wp-includes\template-loader.php:106
[04-Feb-2022 17:26:08 UTC] PHP   5. page_banner() C:\Users\mdsha\Local Sites\amazingcollege\app\public\wp-content\themes\fictional-university\page.php:6
[04-Feb-2022 17:26:08 UTC] PHP Warning:  Use of undefined constant args - assumed 'args' (this will throw an Error in a future version of PHP) in C:\Users\mdsha\Local Sites\amazingcollege\app\public\wp-content\themes\fictional-university\functions.php on line 7
[04-Feb-2022 17:26:08 UTC] PHP Stack trace:
[04-Feb-2022 17:26:08 UTC] PHP   1. {main}() C:\Users\mdsha\Local Sites\amazingcollege\app\public\index.php:0
[04-Feb-2022 17:26:08 UTC] PHP   2. require() C:\Users\mdsha\Local Sites\amazingcollege\app\public\index.php:17
[04-Feb-2022 17:26:08 UTC] PHP   3. require_once() C:\Users\mdsha\Local Sites\amazingcollege\app\public\wp-blog-header.php:19
[04-Feb-2022 17:26:08 UTC] PHP   4. include() C:\Users\mdsha\Local Sites\amazingcollege\app\public\wp-includes\template-loader.php:106
[04-Feb-2022 17:26:08 UTC] PHP   5. page_banner() C:\Users\mdsha\Local Sites\amazingcollege\app\public\wp-content\themes\fictional-university\page.php:6
[04-Feb-2022 17:26:08 UTC] PHP Warning:  Use of undefined constant subtitle - assumed 'subtitle' (this will throw an Error in a future version of PHP) in C:\Users\mdsha\Local Sites\amazingcollege\app\public\wp-content\themes\fictional-university\functions.php on line 7
[04-Feb-2022 17:26:08 UTC] PHP Stack trace:
[04-Feb-2022 17:26:08 UTC] PHP   1. {main}() C:\Users\mdsha\Local Sites\amazingcollege\app\public\index.php:0
[04-Feb-2022 17:26:08 UTC] PHP   2. require() C:\Users\mdsha\Local Sites\amazingcollege\app\public\index.php:17
[04-Feb-2022 17:26:08 UTC] PHP   3. require_once() C:\Users\mdsha\Local Sites\amazingcollege\app\public\wp-blog-header.php:19
[04-Feb-2022 17:26:08 UTC] PHP   4. include() C:\Users\mdsha\Local Sites\amazingcollege\app\public\wp-includes\template-loader.php:106
[04-Feb-2022 17:26:08 UTC] PHP   5. page_banner() C:\Users\mdsha\Local Sites\amazingcollege\app\public\wp-content\themes\fictional-university\page.php:6
[04-Feb-2022 17:26:08 UTC] PHP Warning:  Illegal string offset 'subtitle' in C:\Users\mdsha\Local Sites\amazingcollege\app\public\wp-content\themes\fictional-university\functions.php on line 7
[04-Feb-2022 17:26:08 UTC] PHP Stack trace:
[04-Feb-2022 17:26:08 UTC] PHP   1. {main}() C:\Users\mdsha\Local Sites\amazingcollege\app\public\index.php:0
[04-Feb-2022 17:26:08 UTC] PHP   2. require() C:\Users\mdsha\Local Sites\amazingcollege\app\public\index.php:17
[04-Feb-2022 17:26:08 UTC] PHP   3. require_once() C:\Users\mdsha\Local Sites\amazingcollege\app\public\wp-blog-header.php:19
[04-Feb-2022 17:26:08 UTC] PHP   4. include() C:\Users\mdsha\Local Sites\amazingcollege\app\public\wp-includes\template-loader.php:106
[04-Feb-2022 17:26:08 UTC] PHP   5. page_banner() C:\Users\mdsha\Local Sites\amazingcollege\app\public\wp-content\themes\fictional-university\page.php:6
[04-Feb-2022 17:27:05 UTC] PHP Warning:  Use of undefined constant args - assumed 'args' (this will throw an Error in a future version of PHP) in C:\Users\mdsha\Local Sites\amazingcollege\app\public\wp-content\themes\fictional-university\functions.php on line 4
[04-Feb-2022 17:27:05 UTC] PHP Stack trace:
[04-Feb-2022 17:27:05 UTC] PHP   1. {main}() C:\Users\mdsha\Local Sites\amazingcollege\app\public\index.php:0
[04-Feb-2022 17:27:05 UTC] PHP   2. require() C:\Users\mdsha\Local Sites\amazingcollege\app\public\index.php:17
[04-Feb-2022 17:27:05 UTC] PHP   3. require_once() C:\Users\mdsha\Local Sites\amazingcollege\app\public\wp-blog-header.php:19
[04-Feb-2022 17:27:05 UTC] PHP   4. include() C:\Users\mdsha\Local Sites\amazingcollege\app\public\wp-includes\template-loader.php:106
[04-Feb-2022 17:27:05 UTC] PHP   5. page_banner() C:\Users\mdsha\Local Sites\amazingcollege\app\public\wp-content\themes\fictional-university\page.php:6
[04-Feb-2022 17:27:05 UTC] PHP Warning:  Illegal string offset 'title' in C:\Users\mdsha\Local Sites\amazingcollege\app\public\wp-content\themes\fictional-university\functions.php on line 4
[04-Feb-2022 17:27:05 UTC] PHP Stack trace:
[04-Feb-2022 17:27:05 UTC] PHP   1. {main}() C:\Users\mdsha\Local Sites\amazingcollege\app\public\index.php:0
[04-Feb-2022 17:27:05 UTC] PHP   2. require() C:\Users\mdsha\Local Sites\amazingcollege\app\public\index.php:17
[04-Feb-2022 17:27:05 UTC] PHP   3. require_once() C:\Users\mdsha\Local Sites\amazingcollege\app\public\wp-blog-header.php:19
[04-Feb-2022 17:27:05 UTC] PHP   4. include() C:\Users\mdsha\Local Sites\amazingcollege\app\public\wp-includes\template-loader.php:106
[04-Feb-2022 17:27:05 UTC] PHP   5. page_banner() C:\Users\mdsha\Local Sites\amazingcollege\app\public\wp-content\themes\fictional-university\page.php:6
[04-Feb-2022 17:27:05 UTC] PHP Warning:  Use of undefined constant args - assumed 'args' (this will throw an Error in a future version of PHP) in C:\Users\mdsha\Local Sites\amazingcollege\app\public\wp-content\themes\fictional-university\functions.php on line 7
[04-Feb-2022 17:27:05 UTC] PHP Stack trace:
[04-Feb-2022 17:27:05 UTC] PHP   1. {main}() C:\Users\mdsha\Local Sites\amazingcollege\app\public\index.php:0
[04-Feb-2022 17:27:05 UTC] PHP   2. require() C:\Users\mdsha\Local Sites\amazingcollege\app\public\index.php:17
[04-Feb-2022 17:27:05 UTC] PHP   3. require_once() C:\Users\mdsha\Local Sites\amazingcollege\app\public\wp-blog-header.php:19
[04-Feb-2022 17:27:05 UTC] PHP   4. include() C:\Users\mdsha\Local Sites\amazingcollege\app\public\wp-includes\template-loader.php:106
[04-Feb-2022 17:27:05 UTC] PHP   5. page_banner() C:\Users\mdsha\Local Sites\amazingcollege\app\public\wp-content\themes\fictional-university\page.php:6
[04-Feb-2022 17:27:05 UTC] PHP Warning:  Illegal string offset 'subtitle' in C:\Users\mdsha\Local Sites\amazingcollege\app\public\wp-content\themes\fictional-university\functions.php on line 7
[04-Feb-2022 17:27:05 UTC] PHP Stack trace:
[04-Feb-2022 17:27:05 UTC] PHP   1. {main}() C:\Users\mdsha\Local Sites\amazingcollege\app\public\index.php:0
[04-Feb-2022 17:27:05 UTC] PHP   2. require() C:\Users\mdsha\Local Sites\amazingcollege\app\public\index.php:17
[04-Feb-2022 17:27:05 UTC] PHP   3. require_once() C:\Users\mdsha\Local Sites\amazingcollege\app\public\wp-blog-header.php:19
[04-Feb-2022 17:27:05 UTC] PHP   4. include() C:\Users\mdsha\Local Sites\amazingcollege\app\public\wp-includes\template-loader.php:106
[04-Feb-2022 17:27:05 UTC] PHP   5. page_banner() C:\Users\mdsha\Local Sites\amazingcollege\app\public\wp-content\themes\fictional-university\page.php:6
[04-Feb-2022 17:28:47 UTC] PHP Warning:  Use of undefined constant args - assumed 'args' (this will throw an Error in a future version of PHP) in C:\Users\mdsha\Local Sites\amazingcollege\app\public\wp-content\themes\fictional-university\functions.php on line 4
[04-Feb-2022 17:28:47 UTC] PHP Stack trace:
[04-Feb-2022 17:28:47 UTC] PHP   1. {main}() C:\Users\mdsha\Local Sites\amazingcollege\app\public\index.php:0
[04-Feb-2022 17:28:47 UTC] PHP   2. require() C:\Users\mdsha\Local Sites\amazingcollege\app\public\index.php:17
[04-Feb-2022 17:28:47 UTC] PHP   3. require_once() C:\Users\mdsha\Local Sites\amazingcollege\app\public\wp-blog-header.php:19
[04-Feb-2022 17:28:47 UTC] PHP   4. include() C:\Users\mdsha\Local Sites\amazingcollege\app\public\wp-includes\template-loader.php:106
[04-Feb-2022 17:28:47 UTC] PHP   5. page_banner() C:\Users\mdsha\Local Sites\amazingcollege\app\public\wp-content\themes\fictional-university\page.php:6
[04-Feb-2022 17:28:47 UTC] PHP Warning:  Illegal string offset 'title' in C:\Users\mdsha\Local Sites\amazingcollege\app\public\wp-content\themes\fictional-university\functions.php on line 4
[04-Feb-2022 17:28:47 UTC] PHP Stack trace:
[04-Feb-2022 17:28:47 UTC] PHP   1. {main}() C:\Users\mdsha\Local Sites\amazingcollege\app\public\index.php:0
[04-Feb-2022 17:28:47 UTC] PHP   2. require() C:\Users\mdsha\Local Sites\amazingcollege\app\public\index.php:17
[04-Feb-2022 17:28:47 UTC] PHP   3. require_once() C:\Users\mdsha\Local Sites\amazingcollege\app\public\wp-blog-header.php:19
[04-Feb-2022 17:28:47 UTC] PHP   4. include() C:\Users\mdsha\Local Sites\amazingcollege\app\public\wp-includes\template-loader.php:106
[04-Feb-2022 17:28:47 UTC] PHP   5. page_banner() C:\Users\mdsha\Local Sites\amazingcollege\app\public\wp-content\themes\fictional-university\page.php:6
[04-Feb-2022 17:28:47 UTC] PHP Warning:  Use of undefined constant args - assumed 'args' (this will throw an Error in a future version of PHP) in C:\Users\mdsha\Local Sites\amazingcollege\app\public\wp-content\themes\fictional-university\functions.php on line 7
[04-Feb-2022 17:28:47 UTC] PHP Stack trace:
[04-Feb-2022 17:28:47 UTC] PHP   1. {main}() C:\Users\mdsha\Local Sites\amazingcollege\app\public\index.php:0
[04-Feb-2022 17:28:47 UTC] PHP   2. require() C:\Users\mdsha\Local Sites\amazingcollege\app\public\index.php:17
[04-Feb-2022 17:28:47 UTC] PHP   3. require_once() C:\Users\mdsha\Local Sites\amazingcollege\app\public\wp-blog-header.php:19
[04-Feb-2022 17:28:47 UTC] PHP   4. include() C:\Users\mdsha\Local Sites\amazingcollege\app\public\wp-includes\template-loader.php:106
[04-Feb-2022 17:28:47 UTC] PHP   5. page_banner() C:\Users\mdsha\Local Sites\amazingcollege\app\public\wp-content\themes\fictional-university\page.php:6
[04-Feb-2022 17:28:47 UTC] PHP Warning:  Illegal string offset 'subtitle' in C:\Users\mdsha\Local Sites\amazingcollege\app\public\wp-content\themes\fictional-university\functions.php on line 7
[04-Feb-2022 17:28:47 UTC] PHP Stack trace:
[04-Feb-2022 17:28:47 UTC] PHP   1. {main}() C:\Users\mdsha\Local Sites\amazingcollege\app\public\index.php:0
[04-Feb-2022 17:28:47 UTC] PHP   2. require() C:\Users\mdsha\Local Sites\amazingcollege\app\public\index.php:17
[04-Feb-2022 17:28:47 UTC] PHP   3. require_once() C:\Users\mdsha\Local Sites\amazingcollege\app\public\wp-blog-header.php:19
[04-Feb-2022 17:28:47 UTC] PHP   4. include() C:\Users\mdsha\Local Sites\amazingcollege\app\public\wp-includes\template-loader.php:106
[04-Feb-2022 17:28:47 UTC] PHP   5. page_banner() C:\Users\mdsha\Local Sites\amazingcollege\app\public\wp-content\themes\fictional-university\page.php:6
[04-Feb-2022 17:41:19 UTC] PHP Parse error:  syntax error, unexpected '}', expecting ';' or ',' in C:\Users\mdsha\Local Sites\amazingcollege\app\public\wp-content\themes\fictional-university\functions.php on line 13
[04-Feb-2022 17:41:40 UTC] PHP Parse error:  syntax error, unexpected '}', expecting ';' or ',' in C:\Users\mdsha\Local Sites\amazingcollege\app\public\wp-content\themes\fictional-university\functions.php on line 13
[04-Feb-2022 17:41:42 UTC] PHP Parse error:  syntax error, unexpected '}', expecting ';' or ',' in C:\Users\mdsha\Local Sites\amazingcollege\app\public\wp-content\themes\fictional-university\functions.php on line 13
[04-Feb-2022 17:42:08 UTC] PHP Parse error:  syntax error, unexpected '}' in C:\Users\mdsha\Local Sites\amazingcollege\app\public\wp-content\themes\fictional-university\functions.php on line 13
[04-Feb-2022 17:42:10 UTC] PHP Parse error:  syntax error, unexpected '}' in C:\Users\mdsha\Local Sites\amazingcollege\app\public\wp-content\themes\fictional-university\functions.php on line 13
[04-Feb-2022 17:43:20 UTC] PHP Parse error:  syntax error, unexpected '}' in C:\Users\mdsha\Local Sites\amazingcollege\app\public\wp-content\themes\fictional-university\functions.php on line 13
[04-Feb-2022 17:43:46 UTC] PHP Parse error:  syntax error, unexpected ''sizes'' (T_CONSTANT_ENCAPSED_STRING) in C:\Users\mdsha\Local Sites\amazingcollege\app\public\wp-content\themes\fictional-university\functions.php on line 11
[04-Feb-2022 17:43:47 UTC] PHP Parse error:  syntax error, unexpected ''sizes'' (T_CONSTANT_ENCAPSED_STRING) in C:\Users\mdsha\Local Sites\amazingcollege\app\public\wp-content\themes\fictional-university\functions.php on line 11
[04-Feb-2022 17:45:21 UTC] PHP Parse error:  syntax error, unexpected ''sizes'' (T_CONSTANT_ENCAPSED_STRING) in C:\Users\mdsha\Local Sites\amazingcollege\app\public\wp-content\themes\fictional-university\functions.php on line 11
[04-Feb-2022 17:47:22 UTC] PHP Parse error:  syntax error, unexpected ''sizes'' (T_CONSTANT_ENCAPSED_STRING) in C:\Users\mdsha\Local Sites\amazingcollege\app\public\wp-content\themes\fictional-university\functions.php on line 11
[04-Feb-2022 17:51:28 UTC] PHP Parse error:  syntax error, unexpected ',' in C:\Users\mdsha\Local Sites\amazingcollege\app\public\wp-content\themes\fictional-university\functions.php on line 13
[04-Feb-2022 17:51:29 UTC] PHP Parse error:  syntax error, unexpected ',' in C:\Users\mdsha\Local Sites\amazingcollege\app\public\wp-content\themes\fictional-university\functions.php on line 13
[04-Feb-2022 17:52:02 UTC] PHP Parse error:  syntax error, unexpected ',' in C:\Users\mdsha\Local Sites\amazingcollege\app\public\wp-content\themes\fictional-university\functions.php on line 11
[04-Feb-2022 17:52:04 UTC] PHP Parse error:  syntax error, unexpected ',' in C:\Users\mdsha\Local Sites\amazingcollege\app\public\wp-content\themes\fictional-university\functions.php on line 11
[04-Feb-2022 17:52:32 UTC] PHP Parse error:  syntax error, unexpected 'if' (T_IF) in C:\Users\mdsha\Local Sites\amazingcollege\app\public\wp-content\themes\fictional-university\functions.php on line 12
[04-Feb-2022 17:52:34 UTC] PHP Parse error:  syntax error, unexpected 'if' (T_IF) in C:\Users\mdsha\Local Sites\amazingcollege\app\public\wp-content\themes\fictional-university\functions.php on line 12
[04-Feb-2022 17:54:20 UTC] PHP Parse error:  syntax error, unexpected ',' in C:\Users\mdsha\Local Sites\amazingcollege\app\public\wp-content\themes\fictional-university\functions.php on line 12
[04-Feb-2022 17:54:21 UTC] PHP Parse error:  syntax error, unexpected ',' in C:\Users\mdsha\Local Sites\amazingcollege\app\public\wp-content\themes\fictional-university\functions.php on line 12
[04-Feb-2022 18:04:33 UTC] PHP Parse error:  syntax error, unexpected '?>', expecting ')' in C:\Users\mdsha\Local Sites\amazingcollege\app\public\wp-content\themes\fictional-university\page.php on line 10
[04-Feb-2022 18:18:54 UTC] PHP Parse error:  syntax error, unexpected ';', expecting ')' in C:\Users\mdsha\Local Sites\amazingcollege\app\public\wp-content\themes\fictional-university\archive.php on line 5
[05-Feb-2022 09:53:47 UTC] PHP Parse error:  syntax error, unexpected 'get_post_type' (T_STRING), expecting ')' in C:\Users\mdsha\Local Sites\amazingcollege\app\public\wp-content\themes\fictional-university\front-page.php on line 37
[05-Feb-2022 09:54:10 UTC] PHP Parse error:  syntax error, unexpected 'get_post_type' (T_STRING), expecting ')' in C:\Users\mdsha\Local Sites\amazingcollege\app\public\wp-content\themes\fictional-university\front-page.php on line 37
[05-Feb-2022 09:54:30 UTC] PHP Parse error:  syntax error, unexpected 'get_post_type' (T_STRING), expecting ')' in C:\Users\mdsha\Local Sites\amazingcollege\app\public\wp-content\themes\fictional-university\front-page.php on line 37
[05-Feb-2022 09:54:52 UTC] PHP Parse error:  syntax error, unexpected ';', expecting ')' in C:\Users\mdsha\Local Sites\amazingcollege\app\public\wp-content\themes\fictional-university\front-page.php on line 37
[06-Feb-2022 05:40:32 UTC] PHP Parse error:  syntax error, unexpected end of file in C:\Users\mdsha\Local Sites\amazingcollege\app\public\wp-content\themes\fictional-university\archive-campus.php on line 22
[06-Feb-2022 05:41:31 UTC] PHP Parse error:  syntax error, unexpected end of file in C:\Users\mdsha\Local Sites\amazingcollege\app\public\wp-content\themes\fictional-university\archive-campus.php on line 22
[06-Feb-2022 06:33:57 UTC] PHP Parse error:  syntax error, unexpected 'headline' (T_STRING), expecting ';' or ',' in C:\Users\mdsha\Local Sites\amazingcollege\app\public\wp-content\themes\fictional-university\single-program.php on line 85
[06-Feb-2022 06:35:25 UTC] PHP Parse error:  syntax error, unexpected 'headline' (T_STRING), expecting ';' or ',' in C:\Users\mdsha\Local Sites\amazingcollege\app\public\wp-content\themes\fictional-university\single-program.php on line 85
[06-Feb-2022 06:37:04 UTC] PHP Parse error:  syntax error, unexpected 'headline' (T_STRING), expecting ';' or ',' in C:\Users\mdsha\Local Sites\amazingcollege\app\public\wp-content\themes\fictional-university\single-program.php on line 85
[06-Feb-2022 06:37:21 UTC] PHP Parse error:  syntax error, unexpected 'headline' (T_STRING), expecting ';' or ',' in C:\Users\mdsha\Local Sites\amazingcollege\app\public\wp-content\themes\fictional-university\single-program.php on line 85
[06-Feb-2022 06:38:43 UTC] PHP Warning:  Use of undefined constant realtedCampuses - assumed 'realtedCampuses' (this will throw an Error in a future version of PHP) in C:\Users\mdsha\Local Sites\amazingcollege\app\public\wp-content\themes\fictional-university\single-program.php on line 87
[06-Feb-2022 06:38:43 UTC] PHP Stack trace:
[06-Feb-2022 06:38:43 UTC] PHP   1. {main}() C:\Users\mdsha\Local Sites\amazingcollege\app\public\index.php:0
[06-Feb-2022 06:38:43 UTC] PHP   2. require() C:\Users\mdsha\Local Sites\amazingcollege\app\public\index.php:17
[06-Feb-2022 06:38:43 UTC] PHP   3. require_once() C:\Users\mdsha\Local Sites\amazingcollege\app\public\wp-blog-header.php:19
[06-Feb-2022 06:38:43 UTC] PHP   4. include() C:\Users\mdsha\Local Sites\amazingcollege\app\public\wp-includes\template-loader.php:106
[06-Feb-2022 06:38:43 UTC] PHP Warning:  Invalid argument supplied for foreach() in C:\Users\mdsha\Local Sites\amazingcollege\app\public\wp-content\themes\fictional-university\single-program.php on line 87
[06-Feb-2022 06:38:43 UTC] PHP Stack trace:
[06-Feb-2022 06:38:43 UTC] PHP   1. {main}() C:\Users\mdsha\Local Sites\amazingcollege\app\public\index.php:0
[06-Feb-2022 06:38:43 UTC] PHP   2. require() C:\Users\mdsha\Local Sites\amazingcollege\app\public\index.php:17
[06-Feb-2022 06:38:43 UTC] PHP   3. require_once() C:\Users\mdsha\Local Sites\amazingcollege\app\public\wp-blog-header.php:19
[06-Feb-2022 06:38:43 UTC] PHP   4. include() C:\Users\mdsha\Local Sites\amazingcollege\app\public\wp-includes\template-loader.php:106
[06-Feb-2022 06:38:57 UTC] PHP Warning:  Use of undefined constant realtedCampuses - assumed 'realtedCampuses' (this will throw an Error in a future version of PHP) in C:\Users\mdsha\Local Sites\amazingcollege\app\public\wp-content\themes\fictional-university\single-program.php on line 87
[06-Feb-2022 06:38:57 UTC] PHP Stack trace:
[06-Feb-2022 06:38:57 UTC] PHP   1. {main}() C:\Users\mdsha\Local Sites\amazingcollege\app\public\index.php:0
[06-Feb-2022 06:38:57 UTC] PHP   2. require() C:\Users\mdsha\Local Sites\amazingcollege\app\public\index.php:17
[06-Feb-2022 06:38:57 UTC] PHP   3. require_once() C:\Users\mdsha\Local Sites\amazingcollege\app\public\wp-blog-header.php:19
[06-Feb-2022 06:38:57 UTC] PHP   4. include() C:\Users\mdsha\Local Sites\amazingcollege\app\public\wp-includes\template-loader.php:106
[06-Feb-2022 06:38:57 UTC] PHP Warning:  Invalid argument supplied for foreach() in C:\Users\mdsha\Local Sites\amazingcollege\app\public\wp-content\themes\fictional-university\single-program.php on line 87
[06-Feb-2022 06:38:57 UTC] PHP Stack trace:
[06-Feb-2022 06:38:57 UTC] PHP   1. {main}() C:\Users\mdsha\Local Sites\amazingcollege\app\public\index.php:0
[06-Feb-2022 06:38:57 UTC] PHP   2. require() C:\Users\mdsha\Local Sites\amazingcollege\app\public\index.php:17
[06-Feb-2022 06:38:57 UTC] PHP   3. require_once() C:\Users\mdsha\Local Sites\amazingcollege\app\public\wp-blog-header.php:19
[06-Feb-2022 06:38:57 UTC] PHP   4. include() C:\Users\mdsha\Local Sites\amazingcollege\app\public\wp-includes\template-loader.php:106
[06-Feb-2022 06:39:18 UTC] PHP Fatal error:  Uncaught Error: Call to undefined function get_the_parmalink() in C:\Users\mdsha\Local Sites\amazingcollege\app\public\wp-content\themes\fictional-university\single-program.php:88
Stack trace:
#0 C:\Users\mdsha\Local Sites\amazingcollege\app\public\wp-includes\template-loader.php(106): include()
#1 C:\Users\mdsha\Local Sites\amazingcollege\app\public\wp-blog-header.php(19): require_once('C:\\Users\\mdsha\\...')
#2 C:\Users\mdsha\Local Sites\amazingcollege\app\public\index.php(17): require('C:\\Users\\mdsha\\...')
#3 {main}
  thrown in C:\Users\mdsha\Local Sites\amazingcollege\app\public\wp-content\themes\fictional-university\single-program.php on line 88
[06-Feb-2022 06:39:24 UTC] PHP Fatal error:  Uncaught Error: Call to undefined function get_the_parmalink() in C:\Users\mdsha\Local Sites\amazingcollege\app\public\wp-content\themes\fictional-university\single-program.php:88
Stack trace:
#0 C:\Users\mdsha\Local Sites\amazingcollege\app\public\wp-includes\template-loader.php(106): include()
#1 C:\Users\mdsha\Local Sites\amazingcollege\app\public\wp-blog-header.php(19): require_once('C:\\Users\\mdsha\\...')
#2 C:\Users\mdsha\Local Sites\amazingcollege\app\public\index.php(17): require('C:\\Users\\mdsha\\...')
#3 {main}
  thrown in C:\Users\mdsha\Local Sites\amazingcollege\app\public\wp-content\themes\fictional-university\single-program.php on line 88
[06-Feb-2022 06:40:09 UTC] PHP Fatal error:  Uncaught Error: Call to undefined function get_the_parmalink() in C:\Users\mdsha\Local Sites\amazingcollege\app\public\wp-content\themes\fictional-university\single-program.php:88
Stack trace:
#0 C:\Users\mdsha\Local Sites\amazingcollege\app\public\wp-includes\template-loader.php(106): include()
#1 C:\Users\mdsha\Local Sites\amazingcollege\app\public\wp-blog-header.php(19): require_once('C:\\Users\\mdsha\\...')
#2 C:\Users\mdsha\Local Sites\amazingcollege\app\public\index.php(17): require('C:\\Users\\mdsha\\...')
#3 {main}
  thrown in C:\Users\mdsha\Local Sites\amazingcollege\app\public\wp-content\themes\fictional-university\single-program.php on line 88
[06-Feb-2022 06:40:34 UTC] PHP Fatal error:  Uncaught Error: Call to undefined function get_the_parmalink() in C:\Users\mdsha\Local Sites\amazingcollege\app\public\wp-content\themes\fictional-university\single-program.php:88
Stack trace:
#0 C:\Users\mdsha\Local Sites\amazingcollege\app\public\wp-includes\template-loader.php(106): include()
#1 C:\Users\mdsha\Local Sites\amazingcollege\app\public\wp-blog-header.php(19): require_once('C:\\Users\\mdsha\\...')
#2 C:\Users\mdsha\Local Sites\amazingcollege\app\public\index.php(17): require('C:\\Users\\mdsha\\...')
#3 {main}
  thrown in C:\Users\mdsha\Local Sites\amazingcollege\app\public\wp-content\themes\fictional-university\single-program.php on line 88
[06-Feb-2022 06:42:30 UTC] PHP Fatal error:  Uncaught Error: Call to undefined function get_the_parmalink() in C:\Users\mdsha\Local Sites\amazingcollege\app\public\wp-content\themes\fictional-university\single-program.php:87
Stack trace:
#0 C:\Users\mdsha\Local Sites\amazingcollege\app\public\wp-includes\template-loader.php(106): include()
#1 C:\Users\mdsha\Local Sites\amazingcollege\app\public\wp-blog-header.php(19): require_once('C:\\Users\\mdsha\\...')
#2 C:\Users\mdsha\Local Sites\amazingcollege\app\public\index.php(17): require('C:\\Users\\mdsha\\...')
#3 {main}
  thrown in C:\Users\mdsha\Local Sites\amazingcollege\app\public\wp-content\themes\fictional-university\single-program.php on line 87
[06-Feb-2022 08:17:53 UTC] PHP Fatal error:  Uncaught Error: Call to a member function have_posts() on array in C:\Users\mdsha\Local Sites\amazingcollege\app\public\wp-content\themes\fictional-university\single-campus.php:79
Stack trace:
#0 C:\Users\mdsha\Local Sites\amazingcollege\app\public\wp-includes\template-loader.php(106): include()
#1 C:\Users\mdsha\Local Sites\amazingcollege\app\public\wp-blog-header.php(19): require_once('C:\\Users\\mdsha\\...')
#2 C:\Users\mdsha\Local Sites\amazingcollege\app\public\index.php(17): require('C:\\Users\\mdsha\\...')
#3 {main}
  thrown in C:\Users\mdsha\Local Sites\amazingcollege\app\public\wp-content\themes\fictional-university\single-campus.php on line 79
[06-Feb-2022 08:19:41 UTC] PHP Fatal error:  Uncaught Error: Call to a member function have_events() on array in C:\Users\mdsha\Local Sites\amazingcollege\app\public\wp-content\themes\fictional-university\single-campus.php:80
Stack trace:
#0 C:\Users\mdsha\Local Sites\amazingcollege\app\public\wp-includes\template-loader.php(106): include()
#1 C:\Users\mdsha\Local Sites\amazingcollege\app\public\wp-blog-header.php(19): require_once('C:\\Users\\mdsha\\...')
#2 C:\Users\mdsha\Local Sites\amazingcollege\app\public\index.php(17): require('C:\\Users\\mdsha\\...')
#3 {main}
  thrown in C:\Users\mdsha\Local Sites\amazingcollege\app\public\wp-content\themes\fictional-university\single-campus.php on line 80
[06-Feb-2022 08:20:26 UTC] PHP Warning:  Use of undefined constant campusRelatedEvents - assumed 'campusRelatedEvents' (this will throw an Error in a future version of PHP) in C:\Users\mdsha\Local Sites\amazingcollege\app\public\wp-content\themes\fictional-university\single-campus.php on line 59
[06-Feb-2022 08:20:26 UTC] PHP Stack trace:
[06-Feb-2022 08:20:26 UTC] PHP   1. {main}() C:\Users\mdsha\Local Sites\amazingcollege\app\public\index.php:0
[06-Feb-2022 08:20:26 UTC] PHP   2. require() C:\Users\mdsha\Local Sites\amazingcollege\app\public\index.php:17
[06-Feb-2022 08:20:26 UTC] PHP   3. require_once() C:\Users\mdsha\Local Sites\amazingcollege\app\public\wp-blog-header.php:19
[06-Feb-2022 08:20:26 UTC] PHP   4. include() C:\Users\mdsha\Local Sites\amazingcollege\app\public\wp-includes\template-loader.php:106
[06-Feb-2022 08:22:54 UTC] PHP Fatal error:  Uncaught Error: Call to a member function have_post() on array in C:\Users\mdsha\Local Sites\amazingcollege\app\public\wp-content\themes\fictional-university\single-campus.php:80
Stack trace:
#0 C:\Users\mdsha\Local Sites\amazingcollege\app\public\wp-includes\template-loader.php(106): include()
#1 C:\Users\mdsha\Local Sites\amazingcollege\app\public\wp-blog-header.php(19): require_once('C:\\Users\\mdsha\\...')
#2 C:\Users\mdsha\Local Sites\amazingcollege\app\public\index.php(17): require('C:\\Users\\mdsha\\...')
#3 {main}
  thrown in C:\Users\mdsha\Local Sites\amazingcollege\app\public\wp-content\themes\fictional-university\single-campus.php on line 80
[06-Feb-2022 08:23:16 UTC] PHP Fatal error:  Uncaught Error: Call to a member function have_event() on array in C:\Users\mdsha\Local Sites\amazingcollege\app\public\wp-content\themes\fictional-university\single-campus.php:80
Stack trace:
#0 C:\Users\mdsha\Local Sites\amazingcollege\app\public\wp-includes\template-loader.php(106): include()
#1 C:\Users\mdsha\Local Sites\amazingcollege\app\public\wp-blog-header.php(19): require_once('C:\\Users\\mdsha\\...')
#2 C:\Users\mdsha\Local Sites\amazingcollege\app\public\index.php(17): require('C:\\Users\\mdsha\\...')
#3 {main}
  thrown in C:\Users\mdsha\Local Sites\amazingcollege\app\public\wp-content\themes\fictional-university\single-campus.php on line 80
[06-Feb-2022 08:23:41 UTC] PHP Fatal error:  Uncaught Error: Call to a member function have_posts() on array in C:\Users\mdsha\Local Sites\amazingcollege\app\public\wp-content\themes\fictional-university\single-campus.php:81
Stack trace:
#0 C:\Users\mdsha\Local Sites\amazingcollege\app\public\wp-includes\template-loader.php(106): include()
#1 C:\Users\mdsha\Local Sites\amazingcollege\app\public\wp-blog-header.php(19): require_once('C:\\Users\\mdsha\\...')
#2 C:\Users\mdsha\Local Sites\amazingcollege\app\public\index.php(17): require('C:\\Users\\mdsha\\...')
#3 {main}
  thrown in C:\Users\mdsha\Local Sites\amazingcollege\app\public\wp-content\themes\fictional-university\single-campus.php on line 81
[06-Feb-2022 08:24:25 UTC] PHP Fatal error:  Uncaught Error: Call to a member function have_posts() on array in C:\Users\mdsha\Local Sites\amazingcollege\app\public\wp-content\themes\fictional-university\single-campus.php:59
Stack trace:
#0 C:\Users\mdsha\Local Sites\amazingcollege\app\public\wp-includes\template-loader.php(106): include()
#1 C:\Users\mdsha\Local Sites\amazingcollege\app\public\wp-blog-header.php(19): require_once('C:\\Users\\mdsha\\...')
#2 C:\Users\mdsha\Local Sites\amazingcollege\app\public\index.php(17): require('C:\\Users\\mdsha\\...')
#3 {main}
  thrown in C:\Users\mdsha\Local Sites\amazingcollege\app\public\wp-content\themes\fictional-university\single-campus.php on line 59
[06-Feb-2022 08:25:20 UTC] PHP Parse error:  syntax error, unexpected '[', expecting identifier (T_STRING) or variable (T_VARIABLE) or '{' or '$' in C:\Users\mdsha\Local Sites\amazingcollege\app\public\wp-content\themes\fictional-university\single-campus.php on line 59
[06-Feb-2022 08:26:43 UTC] PHP Fatal error:  Uncaught Error: Call to a member function post_type() on array in C:\Users\mdsha\Local Sites\amazingcollege\app\public\wp-content\themes\fictional-university\single-campus.php:59
Stack trace:
#0 C:\Users\mdsha\Local Sites\amazingcollege\app\public\wp-includes\template-loader.php(106): include()
#1 C:\Users\mdsha\Local Sites\amazingcollege\app\public\wp-blog-header.php(19): require_once('C:\\Users\\mdsha\\...')
#2 C:\Users\mdsha\Local Sites\amazingcollege\app\public\index.php(17): require('C:\\Users\\mdsha\\...')
#3 {main}
  thrown in C:\Users\mdsha\Local Sites\amazingcollege\app\public\wp-content\themes\fictional-university\single-campus.php on line 59
[06-Feb-2022 08:28:34 UTC] PHP Parse error:  syntax error, unexpected 'echo' (T_ECHO) in C:\Users\mdsha\Local Sites\amazingcollege\app\public\wp-content\themes\fictional-university\single-campus.php on line 22
[06-Feb-2022 08:29:52 UTC] PHP Parse error:  syntax error, unexpected ';', expecting ')' in C:\Users\mdsha\Local Sites\amazingcollege\app\public\wp-content\themes\fictional-university\single-campus.php on line 30
[06-Feb-2022 08:32:41 UTC] PHP Parse error:  syntax error, unexpected '[', expecting identifier (T_STRING) or variable (T_VARIABLE) or '{' or '$' in C:\Users\mdsha\Local Sites\amazingcollege\app\public\wp-content\themes\fictional-university\single-campus.php on line 59
[06-Feb-2022 08:33:34 UTC] PHP Parse error:  syntax error, unexpected 'echo' (T_ECHO) in C:\Users\mdsha\Local Sites\amazingcollege\app\public\wp-content\themes\fictional-university\single-campus.php on line 59
[06-Feb-2022 08:35:01 UTC] PHP Parse error:  syntax error, unexpected ';' in C:\Users\mdsha\Local Sites\amazingcollege\app\public\wp-content\themes\fictional-university\single-campus.php on line 84
[06-Feb-2022 08:35:40 UTC] PHP Parse error:  syntax error, unexpected ';' in C:\Users\mdsha\Local Sites\amazingcollege\app\public\wp-content\themes\fictional-university\single-campus.php on line 84
[06-Feb-2022 08:37:03 UTC] PHP Parse error:  syntax error, unexpected '}', expecting end of file in C:\Users\mdsha\Local Sites\amazingcollege\app\public\wp-content\themes\fictional-university\single-campus.php on line 90
[06-Feb-2022 08:38:51 UTC] PHP Fatal error:  Uncaught Error: Call to a member function the_post() on array in C:\Users\mdsha\Local Sites\amazingcollege\app\public\wp-content\themes\fictional-university\single-campus.php:84
Stack trace:
#0 C:\Users\mdsha\Local Sites\amazingcollege\app\public\wp-includes\template-loader.php(106): include()
#1 C:\Users\mdsha\Local Sites\amazingcollege\app\public\wp-blog-header.php(19): require_once('C:\\Users\\mdsha\\...')
#2 C:\Users\mdsha\Local Sites\amazingcollege\app\public\index.php(17): require('C:\\Users\\mdsha\\...')
#3 {main}
  thrown in C:\Users\mdsha\Local Sites\amazingcollege\app\public\wp-content\themes\fictional-university\single-campus.php on line 84
[06-Feb-2022 08:44:19 UTC] PHP Parse error:  syntax error, unexpected 'as' (T_AS) in C:\Users\mdsha\Local Sites\amazingcollege\app\public\wp-content\themes\fictional-university\single-campus.php on line 83
[06-Feb-2022 08:46:15 UTC] PHP Parse error:  syntax error, unexpected 'as' (T_AS) in C:\Users\mdsha\Local Sites\amazingcollege\app\public\wp-content\themes\fictional-university\single-campus.php on line 83
[06-Feb-2022 08:47:37 UTC] PHP Parse error:  syntax error, unexpected 'as' (T_AS) in C:\Users\mdsha\Local Sites\amazingcollege\app\public\wp-content\themes\fictional-university\single-campus.php on line 83
[06-Feb-2022 09:02:14 UTC] PHP Parse error:  syntax error, unexpected '(', expecting identifier (T_STRING) or variable (T_VARIABLE) or '{' or '$' in C:\Users\mdsha\Local Sites\amazingcollege\app\public\wp-content\themes\fictional-university\single-campus.php on line 84
[06-Feb-2022 09:02:42 UTC] PHP Parse error:  syntax error, unexpected '}', expecting end of file in C:\Users\mdsha\Local Sites\amazingcollege\app\public\wp-content\themes\fictional-university\single-campus.php on line 98
[06-Feb-2022 09:07:32 UTC] PHP Fatal error:  Uncaught Error: Call to undefined method WP_Post::the_title() in C:\Users\mdsha\Local Sites\amazingcollege\app\public\wp-content\themes\fictional-university\single-campus.php:84
Stack trace:
#0 C:\Users\mdsha\Local Sites\amazingcollege\app\public\wp-includes\template-loader.php(106): include()
#1 C:\Users\mdsha\Local Sites\amazingcollege\app\public\wp-blog-header.php(19): require_once('C:\\Users\\mdsha\\...')
#2 C:\Users\mdsha\Local Sites\amazingcollege\app\public\index.php(17): require('C:\\Users\\mdsha\\...')
#3 {main}
  thrown in C:\Users\mdsha\Local Sites\amazingcollege\app\public\wp-content\themes\fictional-university\single-campus.php on line 84
[06-Feb-2022 09:18:21 UTC] PHP Parse error:  syntax error, unexpected 'echo' (T_ECHO) in C:\Users\mdsha\Local Sites\amazingcollege\app\public\wp-content\themes\fictional-university\single-campus.php on line 93
[06-Feb-2022 09:18:53 UTC] PHP Parse error:  syntax error, unexpected 'echo' (T_ECHO) in C:\Users\mdsha\Local Sites\amazingcollege\app\public\wp-content\themes\fictional-university\single-campus.php on line 91
[06-Feb-2022 09:19:10 UTC] PHP Parse error:  syntax error, unexpected '}', expecting end of file in C:\Users\mdsha\Local Sites\amazingcollege\app\public\wp-content\themes\fictional-university\single-campus.php on line 98
[06-Feb-2022 09:20:28 UTC] PHP Parse error:  syntax error, unexpected 'echo' (T_ECHO) in C:\Users\mdsha\Local Sites\amazingcollege\app\public\wp-content\themes\fictional-university\single-campus.php on line 85
[06-Feb-2022 09:21:14 UTC] PHP Parse error:  syntax error, unexpected 'echo' (T_ECHO) in C:\Users\mdsha\Local Sites\amazingcollege\app\public\wp-content\themes\fictional-university\single-campus.php on line 85
[06-Feb-2022 09:21:25 UTC] PHP Parse error:  syntax error, unexpected 'echo' (T_ECHO) in C:\Users\mdsha\Local Sites\amazingcollege\app\public\wp-content\themes\fictional-university\single-campus.php on line 84
[06-Feb-2022 09:21:48 UTC] PHP Parse error:  syntax error, unexpected 'echo' (T_ECHO) in C:\Users\mdsha\Local Sites\amazingcollege\app\public\wp-content\themes\fictional-university\single-campus.php on line 84
[06-Feb-2022 09:22:21 UTC] PHP Parse error:  syntax error, unexpected 'echo' (T_ECHO) in C:\Users\mdsha\Local Sites\amazingcollege\app\public\wp-content\themes\fictional-university\single-campus.php on line 84
[06-Feb-2022 09:22:41 UTC] PHP Parse error:  syntax error, unexpected 'echo' (T_ECHO) in C:\Users\mdsha\Local Sites\amazingcollege\app\public\wp-content\themes\fictional-university\single-campus.php on line 84
[06-Feb-2022 09:23:01 UTC] PHP Parse error:  syntax error, unexpected 'echo' (T_ECHO) in C:\Users\mdsha\Local Sites\amazingcollege\app\public\wp-content\themes\fictional-university\single-campus.php on line 84
[06-Feb-2022 09:29:43 UTC] PHP Parse error:  syntax error, unexpected end of file in C:\Users\mdsha\Local Sites\amazingcollege\app\public\wp-content\themes\fictional-university\single-campus.php on line 88
[06-Feb-2022 09:32:27 UTC] PHP Parse error:  syntax error, unexpected 'echo' (T_ECHO) in C:\Users\mdsha\Local Sites\amazingcollege\app\public\wp-content\themes\fictional-university\single-campus.php on line 85
[06-Feb-2022 09:33:56 UTC] PHP Parse error:  syntax error, unexpected 'echo' (T_ECHO) in C:\Users\mdsha\Local Sites\amazingcollege\app\public\wp-content\themes\fictional-university\single-campus.php on line 84
[06-Feb-2022 09:39:03 UTC] PHP Parse error:  syntax error, unexpected 'echo' (T_ECHO) in C:\Users\mdsha\Local Sites\amazingcollege\app\public\wp-content\themes\fictional-university\single-campus.php on line 84
[06-Feb-2022 09:39:22 UTC] PHP Fatal error:  Uncaught Error: Object of class WP_Post could not be converted to string in C:\Users\mdsha\Local Sites\amazingcollege\app\public\wp-includes\post-template.php:49
Stack trace:
#0 C:\Users\mdsha\Local Sites\amazingcollege\app\public\wp-content\themes\fictional-university\single-campus.php(84): the_title(Object(WP_Post))
#1 C:\Users\mdsha\Local Sites\amazingcollege\app\public\wp-includes\template-loader.php(106): include('C:\\Users\\mdsha\\...')
#2 C:\Users\mdsha\Local Sites\amazingcollege\app\public\wp-blog-header.php(19): require_once('C:\\Users\\mdsha\\...')
#3 C:\Users\mdsha\Local Sites\amazingcollege\app\public\index.php(17): require('C:\\Users\\mdsha\\...')
#4 {main}
  thrown in C:\Users\mdsha\Local Sites\amazingcollege\app\public\wp-includes\post-template.php on line 49
[06-Feb-2022 09:45:13 UTC] PHP Fatal error:  Uncaught Error: Call to undefined method WP_Post::have_posts() in C:\Users\mdsha\Local Sites\amazingcollege\app\public\wp-content\themes\fictional-university\single-campus.php:84
Stack trace:
#0 C:\Users\mdsha\Local Sites\amazingcollege\app\public\wp-includes\template-loader.php(106): include()
#1 C:\Users\mdsha\Local Sites\amazingcollege\app\public\wp-blog-header.php(19): require_once('C:\\Users\\mdsha\\...')
#2 C:\Users\mdsha\Local Sites\amazingcollege\app\public\index.php(17): require('C:\\Users\\mdsha\\...')
#3 {main}
  thrown in C:\Users\mdsha\Local Sites\amazingcollege\app\public\wp-content\themes\fictional-university\single-campus.php on line 84
[06-Feb-2022 09:49:49 UTC] PHP Parse error:  syntax error, unexpected 'echo' (T_ECHO) in C:\Users\mdsha\Local Sites\amazingcollege\app\public\wp-content\themes\fictional-university\single-campus.php on line 84
[06-Feb-2022 09:51:53 UTC] PHP Fatal error:  Uncaught Error: Cannot use object of type WP_Post as array in C:\Users\mdsha\Local Sites\amazingcollege\app\public\wp-content\themes\fictional-university\single-campus.php:84
Stack trace:
#0 C:\Users\mdsha\Local Sites\amazingcollege\app\public\wp-includes\template-loader.php(106): include()
#1 C:\Users\mdsha\Local Sites\amazingcollege\app\public\wp-blog-header.php(19): require_once('C:\\Users\\mdsha\\...')
#2 C:\Users\mdsha\Local Sites\amazingcollege\app\public\index.php(17): require('C:\\Users\\mdsha\\...')
#3 {main}
  thrown in C:\Users\mdsha\Local Sites\amazingcollege\app\public\wp-content\themes\fictional-university\single-campus.php on line 84
[06-Feb-2022 09:56:50 UTC] PHP Parse error:  syntax error, unexpected 'echo' (T_ECHO) in C:\Users\mdsha\Local Sites\amazingcollege\app\public\wp-content\themes\fictional-university\single-campus.php on line 84
[06-Feb-2022 09:57:20 UTC] PHP Parse error:  syntax error, unexpected 'echo' (T_ECHO) in C:\Users\mdsha\Local Sites\amazingcollege\app\public\wp-content\themes\fictional-university\single-campus.php on line 84
[06-Feb-2022 10:44:34 UTC] PHP Parse error:  syntax error, unexpected end of file in C:\Users\mdsha\Local Sites\amazingcollege\app\public\wp-content\themes\fictional-university\single-campus.php on line 90
[06-Feb-2022 12:28:20 UTC] PHP Parse error:  syntax error, unexpected ',', expecting ')' in C:\Users\mdsha\Local Sites\amazingcollege\app\public\wp-content\themes\fictional-university\functions.php on line 33
[06-Feb-2022 12:28:22 UTC] PHP Parse error:  syntax error, unexpected ',', expecting ')' in C:\Users\mdsha\Local Sites\amazingcollege\app\public\wp-content\themes\fictional-university\functions.php on line 33
